Sun Aug 15 22:13:48 CDT 2021
updating
4 pole features not found in sample features
midway2-0106.rcc.local:UCM:1b94:6b47d700: 1164124561 us(1164124561 us!!!):  ucm_recv: UNKNOWN msg 0x1af2068, ver 0
midway2-0106.rcc.local:UCM:1b95:ede1c700: 1164901240 us(1164901240 us!!!):  ucm_recv: UNKNOWN msg 0x2802c68, ver 0
midway2-0106.rcc.local:UCM:1b94:6b47d700: 1165104629 us(980068 us!!!):  ucm_recv: UNKNOWN msg 0x1af2168, ver 0
midway2-0106.rcc.local:UCM:1b96:3c550700: 1165522176 us(1165522176 us!!!):  ucm_recv: UNKNOWN msg 0x21d0e68, ver 0
midway2-0106.rcc.local:UCM:1b95:ede1c700: 1165707471 us(806231 us!!!):  ucm_recv: UNKNOWN msg 0x2802d68, ver 0
midway2-0106.rcc.local:UCM:1b94:6b47d700: 1165910895 us(806266 us!!!):  ucm_recv: UNKNOWN msg 0x1af2268, ver 0
midway2-0106.rcc.local:UCM:1b97:95f8f700: 1166166275 us(1166166275 us!!!):  ucm_recv: UNKNOWN msg 0x134ba68, ver 0
midway2-0106.rcc.local:UCM:1b96:3c550700: 1166366343 us(844167 us!!!):  ucm_recv: UNKNOWN msg 0x21d0f68, ver 0
midway2-0106.rcc.local:UCM:1b95:ede1c700: 1166551688 us(844217 us!!!):  ucm_recv: UNKNOWN msg 0x2802e68, ver 0
midway2-0106.rcc.local:UCM:1b98:7dbf0700: 1166702153 us(1166702153 us!!!):  ucm_recv: UNKNOWN msg 0x2029d68, ver 0
midway2-0106.rcc.local:UCM:1b96:3c550700: 1167122582 us(756239 us!!!):  ucm_recv: UNKNOWN msg 0x21d1068, ver 0
midway2-0106.rcc.local:UCM:1b97:95f8f700: 1167122674 us(956399 us!!!):  ucm_recv: UNKNOWN msg 0x134bb68, ver 0
midway2-0106.rcc.local:UCM:1b99:ee939700: 1167230351 us(1167230351 us!!!):  ucm_recv: UNKNOWN msg 0x1a4da68, ver 0
midway2-0106.rcc.local:UCM:1b94:6b47d700: 1167430650 us(1519755 us!!!):  ucm_recv: UNKNOWN msg 0x1af2368, ver 0
midway2-0106.rcc.local:UCM:1b98:7dbf0700: 1167622581 us(920428 us!!!):  ucm_recv: UNKNOWN msg 0x2029e68, ver 0
midway2-0106.rcc.local:UCM:1b97:95f8f700: 1167842889 us(720215 us!!!):  ucm_recv: UNKNOWN msg 0x134bc68, ver 0
midway2-0106.rcc.local:UCM:1b9a:78ca4700: 1167901646 us(1167901646 us!!!):  ucm_recv: UNKNOWN msg 0x150dc68, ver 0
midway2-0106.rcc.local:UCM:1b99:ee939700: 1168090611 us(860260 us!!!):  ucm_recv: UNKNOWN msg 0x1a4db68, ver 0
midway2-0106.rcc.local:UCM:1b95:ede1c700: 1168287678 us(1735990 us!!!):  ucm_recv: UNKNOWN msg 0x2802f68, ver 0
midway2-0106.rcc.local:UCM:1b98:7dbf0700: 1168482822 us(860241 us!!!):  ucm_recv: UNKNOWN msg 0x2029f68, ver 0
midway2-0106.rcc.local:UCM:1b9b:36d47700: 1168566631 us(1168566631 us!!!):  ucm_recv: UNKNOWN msg 0xecc868, ver 0
midway2-0106.rcc.local:UCM:1b96:3c550700: 1168776339 us(1653757 us!!!):  ucm_recv: UNKNOWN msg 0x21d1168, ver 0
midway2-0106.rcc.local:UCM:1b9a:78ca4700: 1168775803 us(874157 us!!!):  ucm_recv: UNKNOWN msg 0x150dd68, ver 0
midway2-0106.rcc.local:UCM:1b99:ee939700: 1168964753 us(874142 us!!!):  ucm_recv: UNKNOWN msg 0x1a4dc68, ver 0
midway2-0106.rcc.local:UCM:1b9c:dfcf6700: 1168994588 us(1168994588 us!!!):  ucm_recv: UNKNOWN msg 0xecba68, ver 0
midway2-0106.rcc.local:UCM:1b97:95f8f700: 1169406634 us(1563745 us!!!):  ucm_recv: UNKNOWN msg 0x134bd68, ver 0
midway2-0106.rcc.local:UCM:1b9b:36d47700: 1169396985 us(830354 us!!!):  ucm_recv: UNKNOWN msg 0xecc968, ver 0
midway2-0106.rcc.local:UCM:1b9d:3d3ba700: 1169423455 us(1169423455 us!!!):  ucm_recv: UNKNOWN msg 0xe74868, ver 0
midway2-0106.rcc.local:UCM:1b9a:78ca4700: 1169631799 us(855996 us!!!):  ucm_recv: UNKNOWN msg 0x150de68, ver 0
midway2-0106.rcc.local:UCM:1b9e:37ac8700: 1169703952 us(1169703952 us!!!):  ucm_recv: UNKNOWN msg 0x282ba68, ver 0
midway2-0106.rcc.local:UCM:1b9c:dfcf6700: 1169900883 us(906295 us!!!):  ucm_recv: UNKNOWN msg 0xecbb68, ver 0
midway2-0106.rcc.local:UCM:1b98:7dbf0700: 1169976158 us(1493336 us!!!):  ucm_recv: UNKNOWN msg 0x202a068, ver 0
midway2-0106.rcc.local:UCM:1b9f:eebb0700: 1169996114 us(1169996114 us!!!):  ucm_recv: UNKNOWN msg 0x2660968, ver 0
midway2-0106.rcc.local:UCM:1b9b:36d47700: 1170186706 us(789721 us!!!):  ucm_recv: UNKNOWN msg 0xecca68, ver 0
midway2-0106.rcc.local:UCM:1b9d:3d3ba700: 1170323446 us(899991 us!!!):  ucm_recv: UNKNOWN msg 0xe74968, ver 0
midway2-0106.rcc.local:UCM:1ba0:ddae4700: 1170332829 us(1170332829 us!!!):  ucm_recv: UNKNOWN msg 0x11e3c68, ver 0
midway2-0106.rcc.local:UCM:1b99:ee939700: 1170520569 us(1555816 us!!!):  ucm_recv: UNKNOWN msg 0x1a4dd68, ver 0
midway2-0106.rcc.local:UCM:1b9e:37ac8700: 1170524117 us(820165 us!!!):  ucm_recv: UNKNOWN msg 0x282bb68, ver 0
midway2-0106.rcc.local:UCM:1b94:6b47d700: 1170720783 us(3290133 us!!!):  ucm_recv: UNKNOWN msg 0x1af2468, ver 0
midway2-0106.rcc.local:UCM:1b9c:dfcf6700: 1170720997 us(820114 us!!!):  ucm_recv: UNKNOWN msg 0xecbc68, ver 0
midway2-0106.rcc.local:UCM:1ba1:7b0dc700: 1170720492 us(1170720492 us!!!):  ucm_recv: UNKNOWN msg 0x189c968, ver 0
midway2-0106.rcc.local:UCM:1b9f:eebb0700: 1170936303 us(940189 us!!!):  ucm_recv: UNKNOWN msg 0x2660a68, ver 0
midway2-0106.rcc.local:UCM:1b9a:78ca4700: 1171136048 us(1504249 us!!!):  ucm_recv: UNKNOWN msg 0x150df68, ver 0
midway2-0106.rcc.local:UCM:1b9d:3d3ba700: 1171127895 us(804449 us!!!):  ucm_recv: UNKNOWN msg 0xe74a68, ver 0
midway2-0106.rcc.local:UCM:1ba0:ddae4700: 1171137219 us(804390 us!!!):  ucm_recv: UNKNOWN msg 0x11e3d68, ver 0
midway2-0106.rcc.local:UCM:1ba2:c2c09700: 1171266560 us(1171266560 us!!!):  ucm_recv: UNKNOWN msg 0x9e5b68, ver 0
midway2-0106.rcc.local:UCM:1b95:ede1c700: 1171467455 us(3179777 us!!!):  ucm_recv: UNKNOWN msg 0x2803068, ver 0
midway2-0106.rcc.local:UCM:1b9e:37ac8700: 1171474142 us(950025 us!!!):  ucm_recv: UNKNOWN msg 0x282bc68, ver 0
midway2-0106.rcc.local:UCM:1b9f:eebb0700: 1171682530 us(746227 us!!!):  ucm_recv: UNKNOWN msg 0x2660b68, ver 0
midway2-0106.rcc.local:UCM:1ba1:7b0dc700: 1171666959 us(946467 us!!!):  ucm_recv: UNKNOWN msg 0x189ca68, ver 0
midway2-0106.rcc.local:UCM:1b9b:36d47700: 1171852584 us(1665878 us!!!):  ucm_recv: UNKNOWN msg 0xeccb68, ver 0
midway2-0106.rcc.local:UCM:1ba3:7947a700: 1171843371 us(1171843371 us!!!):  ucm_recv: UNKNOWN msg 0x1faf768, ver 0
midway2-0106.rcc.local:UCM:1b96:3c550700: 1172062414 us(3286075 us!!!):  ucm_recv: UNKNOWN msg 0x21d1268, ver 0
midway2-0106.rcc.local:UCM:1ba0:ddae4700: 1172063057 us(925838 us!!!):  ucm_recv: UNKNOWN msg 0x11e3e68, ver 0
midway2-0106.rcc.local:UCM:1b9c:dfcf6700: 1172251099 us(1530102 us!!!):  ucm_recv: UNKNOWN msg 0xecbd68, ver 0
midway2-0106.rcc.local:UCM:1ba2:c2c09700: 1172246957 us(980397 us!!!):  ucm_recv: UNKNOWN msg 0x9e5c68, ver 0
midway2-0106.rcc.local:UCM:1ba1:7b0dc700: 1172406444 us(739485 us!!!):  ucm_recv: UNKNOWN msg 0x189cb68, ver 0
midway2-0106.rcc.local:UCM:1ba4:269a0700: 1172406470 us(1172406470 us!!!):  ucm_recv: UNKNOWN msg 0x1089868, ver 0
midway2-0106.rcc.local:UCM:1b97:95f8f700: 1172622411 us(3215777 us!!!):  ucm_recv: UNKNOWN msg 0x134be68, ver 0
midway2-0106.rcc.local:UCM:1b9d:3d3ba700: 1172813888 us(1685993 us!!!):  ucm_recv: UNKNOWN msg 0xe74b68, ver 0
midway2-0106.rcc.local:UCM:1ba3:7947a700: 1172803774 us(960403 us!!!):  ucm_recv: UNKNOWN msg 0x1faf868, ver 0
midway2-0106.rcc.local:UCM:1ba5:3599f700: 1172846909 us(1172846909 us!!!):  ucm_recv: UNKNOWN msg 0x232b768, ver 0
midway2-0106.rcc.local:UCM:1b9e:37ac8700: 1173048101 us(1573959 us!!!):  ucm_recv: UNKNOWN msg 0x282bd68, ver 0
midway2-0106.rcc.local:UCM:1ba2:c2c09700: 1173040696 us(793739 us!!!):  ucm_recv: UNKNOWN msg 0x9e5d68, ver 0
midway2-0106.rcc.local:UCM:1b98:7dbf0700: 1173222152 us(3245994 us!!!):  ucm_recv: UNKNOWN msg 0x202a168, ver 0
midway2-0106.rcc.local:UCM:1b9f:eebb0700: 1173242078 us(1559548 us!!!):  ucm_recv: UNKNOWN msg 0x2660c68, ver 0
midway2-0106.rcc.local:UCM:1ba4:269a0700: 1173226491 us(820021 us!!!):  ucm_recv: UNKNOWN msg 0x1089968, ver 0
midway2-0106.rcc.local:UCM:1ba6:d8116700: 1173228380 us(1173228380 us!!!):  ucm_recv: UNKNOWN msg 0x1765868, ver 0
midway2-0106.rcc.local:UCM:1b99:ee939700: 1173630870 us(3110301 us!!!):  ucm_recv: UNKNOWN msg 0x1a4de68, ver 0
midway2-0106.rcc.local:UCM:1ba0:ddae4700: 1173643260 us(1580203 us!!!):  ucm_recv: UNKNOWN msg 0x11e3f68, ver 0
midway2-0106.rcc.local:UCM:1ba3:7947a700: 1173623801 us(820027 us!!!):  ucm_recv: UNKNOWN msg 0x1faf968, ver 0
midway2-0106.rcc.local:UCM:1ba5:3599f700: 1173722805 us(875896 us!!!):  ucm_recv: UNKNOWN msg 0x232b868, ver 0
midway2-0106.rcc.local:UCM:1ba7:3a675700: 1173720596 us(1173720596 us!!!):  ucm_recv: UNKNOWN msg 0xcb0868, ver 0
midway2-0106.rcc.local:UCM:1ba1:7b0dc700: 1174116843 us(1710399 us!!!):  ucm_recv: UNKNOWN msg 0x189cc68, ver 0
midway2-0106.rcc.local:UCM:1ba4:269a0700: 1174116839 us(890348 us!!!):  ucm_recv: UNKNOWN msg 0x1089a68, ver 0
midway2-0106.rcc.local:UCM:1ba6:d8116700: 1174118691 us(890311 us!!!):  ucm_recv: UNKNOWN msg 0x1765968, ver 0
midway2-0106.rcc.local:UCM:1ba8:469b7700: 1174165892 us(1174165892 us!!!):  ucm_recv: UNKNOWN msg 0x111dc68, ver 0
midway2-0106.rcc.local:UCM:1b9a:78ca4700: 1174375797 us(3239749 us!!!):  ucm_recv: UNKNOWN msg 0x150e068, ver 0
midway2-0106.rcc.local:UCM:1ba2:c2c09700: 1174540514 us(1499818 us!!!):  ucm_recv: UNKNOWN msg 0x9e5e68, ver 0
midway2-0106.rcc.local:UCM:1ba5:3599f700: 1174546867 us(824062 us!!!):  ucm_recv: UNKNOWN msg 0x232b968, ver 0
midway2-0106.rcc.local:UCM:1ba7:3a675700: 1174544637 us(824041 us!!!):  ucm_recv: UNKNOWN msg 0xcb0968, ver 0
midway2-0106.rcc.local:UCM:1ba9:75755700: 1174540563 us(1174540563 us!!!):  ucm_recv: UNKNOWN msg 0x114e868, ver 0
midway2-0106.rcc.local:UCM:1ba6:d8116700: 1174942773 us(824082 us!!!):  ucm_recv: UNKNOWN msg 0x1765a68, ver 0
midway2-0106.rcc.local:UCM:1baa:8e74a700: 1174950471 us(1174950471 us!!!):  ucm_recv: UNKNOWN msg 0x1438c68, ver 0
midway2-0106.rcc.local:UCM:1b9b:36d47700: 1175156689 us(3304105 us!!!):  ucm_recv: UNKNOWN msg 0xeccc68, ver 0
midway2-0106.rcc.local:UCM:1ba3:7947a700: 1175147449 us(1523648 us!!!):  ucm_recv: UNKNOWN msg 0x1fafa68, ver 0
midway2-0106.rcc.local:UCM:1ba8:469b7700: 1175156083 us(990191 us!!!):  ucm_recv: UNKNOWN msg 0x111dd68, ver 0
midway2-0106.rcc.local:UCM:1ba7:3a675700: 1175355015 us(810378 us!!!):  ucm_recv: UNKNOWN msg 0xcb0a68, ver 0
midway2-0106.rcc.local:UCM:1ba9:75755700: 1175350905 us(810342 us!!!):  ucm_recv: UNKNOWN msg 0x114e968, ver 0
midway2-0106.rcc.local:UCM:1bab:5a43a700: 1175364017 us(1175364017 us!!!):  ucm_recv: UNKNOWN msg 0x1b34968, ver 0
midway2-0106.rcc.local:UCM:1b9c:dfcf6700: 1175564868 us(3313769 us!!!):  ucm_recv: UNKNOWN msg 0xecbe68, ver 0
midway2-0106.rcc.local:UCM:1ba4:269a0700: 1175760379 us(1643540 us!!!):  ucm_recv: UNKNOWN msg 0x1089b68, ver 0
midway2-0106.rcc.local:UCM:1ba8:469b7700: 1175765870 us(609787 us!!!):  ucm_recv: UNKNOWN msg 0x111de68, ver 0
midway2-0106.rcc.local:UCM:1baa:8e74a700: 1175760389 us(809918 us!!!):  ucm_recv: UNKNOWN msg 0x1438d68, ver 0
midway2-0106.rcc.local:UCM:1bac:ec687700: 1175761318 us(1175761318 us!!!):  ucm_recv: UNKNOWN msg 0x2006d68, ver 0
midway2-0106.rcc.local:UCM:1b9d:3d3ba700: 1175967660 us(3153772 us!!!):  ucm_recv: UNKNOWN msg 0xe74c68, ver 0
midway2-0106.rcc.local:UCM:1b9e:37ac8700: 1176168369 us(3120268 us!!!):  ucm_recv: UNKNOWN msg 0x282be68, ver 0
midway2-0106.rcc.local:UCM:1ba5:3599f700: 1176167319 us(1620452 us!!!):  ucm_recv: UNKNOWN msg 0x232ba68, ver 0
midway2-0106.rcc.local:UCM:1ba9:75755700: 1176160964 us(810059 us!!!):  ucm_recv: UNKNOWN msg 0x114ea68, ver 0
midway2-0106.rcc.local:UCM:1bab:5a43a700: 1176164450 us(800433 us!!!):  ucm_recv: UNKNOWN msg 0x1b34a68, ver 0
midway2-0106.rcc.local:UCM:1bad:67f29700: 1176177765 us(1176177765 us!!!):  ucm_recv: UNKNOWN msg 0xad9a68, ver 0
midway2-0106.rcc.local:UCM:1b9f:eebb0700: 1176585989 us(3343911 us!!!):  ucm_recv: UNKNOWN msg 0x2660d68, ver 0
midway2-0106.rcc.local:UCM:1ba6:d8116700: 1176572288 us(1629515 us!!!):  ucm_recv: UNKNOWN msg 0x1765b68, ver 0
midway2-0106.rcc.local:UCM:1baa:8e74a700: 1176570448 us(810059 us!!!):  ucm_recv: UNKNOWN msg 0x1438e68, ver 0
midway2-0106.rcc.local:UCM:1bac:ec687700: 1176571291 us(809973 us!!!):  ucm_recv: UNKNOWN msg 0x2006e68, ver 0
midway2-0106.rcc.local:UCM:1bae:c1f2b700: 1176574638 us(1176574638 us!!!):  ucm_recv: UNKNOWN msg 0x8a7f68, ver 0
midway2-0106.rcc.local:UCM:1ba0:ddae4700: 1176787014 us(3143754 us!!!):  ucm_recv: UNKNOWN msg 0x11e4068, ver 0
midway2-0106.rcc.local:UCM:1b94:6b47d700: 1176974897 us(6254114 us!!!):  ucm_recv: UNKNOWN msg 0x1af2568, ver 0
midway2-0106.rcc.local:UCM:1ba7:3a675700: 1176975081 us(1620066 us!!!):  ucm_recv: UNKNOWN msg 0xcb0b68, ver 0
midway2-0106.rcc.local:UCM:1bab:5a43a700: 1176974458 us(810008 us!!!):  ucm_recv: UNKNOWN msg 0x1b34b68, ver 0
midway2-0106.rcc.local:UCM:1bad:67f29700: 1176978189 us(800424 us!!!):  ucm_recv: UNKNOWN msg 0xad9b68, ver 0
midway2-0124.rcc.local:UCM:ddc5:bc77a700: 1177064881 us(1177064881 us!!!):  ucm_recv: UNKNOWN msg 0x232c068, ver 0
midway2-0106.rcc.local:UCM:1ba1:7b0dc700: 1177236701 us(3119858 us!!!):  ucm_recv: UNKNOWN msg 0x189cd68, ver 0
midway2-0106.rcc.local:UCM:1ba8:469b7700: 1177442405 us(1676535 us!!!):  ucm_recv: UNKNOWN msg 0x111df68, ver 0
midway2-0106.rcc.local:UCM:1bac:ec687700: 1177437807 us(866516 us!!!):  ucm_recv: UNKNOWN msg 0x2006f68, ver 0
midway2-0106.rcc.local:UCM:1bae:c1f2b700: 1177441140 us(866502 us!!!):  ucm_recv: UNKNOWN msg 0x8a8068, ver 0
midway2-0124.rcc.local:UCM:ddc6:d6cc9700: 1177568181 us(1177568181 us!!!):  ucm_recv: UNKNOWN msg 0x24acc68, ver 0
midway2-0106.rcc.local:UCM:1b95:ede1c700: 1177747474 us(6280019 us!!!):  ucm_recv: UNKNOWN msg 0x2803168, ver 0
midway2-0106.rcc.local:UCM:1ba2:c2c09700: 1177746740 us(3206226 us!!!):  ucm_recv: UNKNOWN msg 0x9e5f68, ver 0
midway2-0106.rcc.local:UCM:1ba9:75755700: 1177746737 us(1585773 us!!!):  ucm_recv: UNKNOWN msg 0x114eb68, ver 0
midway2-0124.rcc.local:UCM:ddc5:bc77a700: 1177975386 us(910505 us!!!):  ucm_recv: UNKNOWN msg 0x232c168, ver 0
midway2-0106.rcc.local:UCM:1bad:67f29700: 1177954181 us(975992 us!!!):  ucm_recv: UNKNOWN msg 0xad9c68, ver 0
midway2-0124.rcc.local:UCM:ddc7:75222700: 1178081464 us(1178081464 us!!!):  ucm_recv: UNKNOWN msg 0x2724e68, ver 0
midway2-0106.rcc.local:UCM:1ba3:7947a700: 1178257529 us(3110080 us!!!):  ucm_recv: UNKNOWN msg 0x1fafb68, ver 0
midway2-0106.rcc.local:UCM:1baa:8e74a700: 1178260694 us(1690246 us!!!):  ucm_recv: UNKNOWN msg 0x1438f68, ver 0
midway2-0106.rcc.local:UCM:1bae:c1f2b700: 1178264891 us(823751 us!!!):  ucm_recv: UNKNOWN msg 0x8a8168, ver 0
midway2-0106.rcc.local:UCM:1b96:3c550700: 1178476558 us(6414144 us!!!):  ucm_recv: UNKNOWN msg 0x21d1368, ver 0
midway2-0124.rcc.local:UCM:ddc6:d6cc9700: 1178482634 us(914453 us!!!):  ucm_recv: UNKNOWN msg 0x24acd68, ver 0
midway2-0124.rcc.local:UCM:ddc8:c0546700: 1178524041 us(1178524041 us!!!):  ucm_recv: UNKNOWN msg 0xd30a68, ver 0
midway2-0106.rcc.local:UCM:1bab:5a43a700: 1178704118 us(1729660 us!!!):  ucm_recv: UNKNOWN msg 0x1b34c68, ver 0
midway2-0124.rcc.local:UCM:ddc5:bc77a700: 1178729071 us(753685 us!!!):  ucm_recv: UNKNOWN msg 0x232c268, ver 0
midway2-0124.rcc.local:UCM:ddc7:75222700: 1178917480 us(836016 us!!!):  ucm_recv: UNKNOWN msg 0x2724f68, ver 0
midway2-0124.rcc.local:UCM:ddc9:72262700: 1178922152 us(1178922152 us!!!):  ucm_recv: UNKNOWN msg 0x17b8d68, ver 0
midway2-0106.rcc.local:UCM:1ba4:269a0700: 1178896436 us(3136057 us!!!):  ucm_recv: UNKNOWN msg 0x1089c68, ver 0
midway2-0106.rcc.local:UCM:1b97:95f8f700: 1179112413 us(6490002 us!!!):  ucm_recv: UNKNOWN msg 0x134bf68, ver 0
midway2-0106.rcc.local:UCM:1bac:ec687700: 1179097579 us(1659772 us!!!):  ucm_recv: UNKNOWN msg 0x2007068, ver 0
midway2-0124.rcc.local:UCM:ddc6:d6cc9700: 1179318571 us(835937 us!!!):  ucm_recv: UNKNOWN msg 0x24ace68, ver 0
midway2-0106.rcc.local:UCM:1ba5:3599f700: 1179303300 us(3135981 us!!!):  ucm_recv: UNKNOWN msg 0x232bb68, ver 0
midway2-0124.rcc.local:UCM:ddca:11b30700: 1179326959 us(1179326959 us!!!):  ucm_recv: UNKNOWN msg 0x1eeba68, ver 0
midway2-0124.rcc.local:UCM:ddc8:c0546700: 1179524240 us(1000199 us!!!):  ucm_recv: UNKNOWN msg 0xd30b68, ver 0
midway2-0106.rcc.local:UCM:1bad:67f29700: 1179507952 us(1553771 us!!!):  ucm_recv: UNKNOWN msg 0xad9d68, ver 0
midway2-0106.rcc.local:UCM:1b98:7dbf0700: 1179696493 us(6474341 us!!!):  ucm_recv: UNKNOWN msg 0x202a268, ver 0
midway2-0124.rcc.local:UCM:ddc7:75222700: 1179721963 us(804483 us!!!):  ucm_recv: UNKNOWN msg 0x2725068, ver 0
midway2-0106.rcc.local:UCM:1ba6:d8116700: 1179702721 us(3130433 us!!!):  ucm_recv: UNKNOWN msg 0x1765c68, ver 0
midway2-0124.rcc.local:UCM:ddc9:72262700: 1179726591 us(804439 us!!!):  ucm_recv: UNKNOWN msg 0x17b8e68, ver 0
midway2-0124.rcc.local:UCM:ddcb:26930700: 1179742191 us(1179742191 us!!!):  ucm_recv: UNKNOWN msg 0x2880d68, ver 0
midway2-0106.rcc.local:UCM:1bae:c1f2b700: 1179924813 us(1659922 us!!!):  ucm_recv: UNKNOWN msg 0x8a8268, ver 0
midway2-0124.rcc.local:UCM:ddc8:c0546700: 1180144486 us(620246 us!!!):  ucm_recv: UNKNOWN msg 0xd30c68, ver 0
midway2-0124.rcc.local:UCM:ddca:11b30700: 1180147377 us(820418 us!!!):  ucm_recv: UNKNOWN msg 0x1eebb68, ver 0
midway2-0106.rcc.local:UCM:1b99:ee939700: 1180124750 us(6493880 us!!!):  ucm_recv: UNKNOWN msg 0x1a4df68, ver 0
midway2-0106.rcc.local:UCM:1ba7:3a675700: 1180125025 us(3149944 us!!!):  ucm_recv: UNKNOWN msg 0xcb0c68, ver 0
midway2-0124.rcc.local:UCM:ddcc:79f1f700: 1180165137 us(1180165137 us!!!):  ucm_recv: UNKNOWN msg 0x2325868, ver 0
midway2-0124.rcc.local:UCM:ddc5:bc77a700: 1180369157 us(1640086 us!!!):  ucm_recv: UNKNOWN msg 0x232c368, ver 0
midway2-0124.rcc.local:UCM:ddc9:72262700: 1180566601 us(840010 us!!!):  ucm_recv: UNKNOWN msg 0x17b8f68, ver 0
midway2-0124.rcc.local:UCM:ddcb:26930700: 1180562635 us(820444 us!!!):  ucm_recv: UNKNOWN msg 0x2880e68, ver 0
midway2-0124.rcc.local:UCM:ddcd:b5e4700: 1180577986 us(1180577986 us!!!):  ucm_recv: UNKNOWN msg 0xc6db68, ver 0
midway2-0106.rcc.local:UCM:1b9a:78ca4700: 1180771736 us(6395939 us!!!):  ucm_recv: UNKNOWN msg 0x150e168, ver 0
midway2-0124.rcc.local:UCM:ddc6:d6cc9700: 1180778380 us(1459809 us!!!):  ucm_recv: UNKNOWN msg 0x24acf68, ver 0
midway2-0106.rcc.local:UCM:1ba8:469b7700: 1180762100 us(3319695 us!!!):  ucm_recv: UNKNOWN msg 0x111e068, ver 0
midway2-0106.rcc.local:UCM:1ba9:75755700: 1180956918 us(3210181 us!!!):  ucm_recv: UNKNOWN msg 0x114ec68, ver 0
midway2-0124.rcc.local:UCM:ddca:11b30700: 1180983460 us(836083 us!!!):  ucm_recv: UNKNOWN msg 0x1eebc68, ver 0
midway2-0124.rcc.local:UCM:ddcc:79f1f700: 1180981656 us(816519 us!!!):  ucm_recv: UNKNOWN msg 0x2325968, ver 0
midway2-0124.rcc.local:UCM:ddce:42420700: 1180990019 us(1180990019 us!!!):  ucm_recv: UNKNOWN msg 0x2494868, ver 0
midway2-0124.rcc.local:UCM:ddcb:26930700: 1181388581 us(825946 us!!!):  ucm_recv: UNKNOWN msg 0x2880f68, ver 0
midway2-0106.rcc.local:UCM:1b9b:36d47700: 1181372981 us(6216292 us!!!):  ucm_recv: UNKNOWN msg 0xeccd68, ver 0
midway2-0124.rcc.local:UCM:ddc7:75222700: 1181387945 us(1665982 us!!!):  ucm_recv: UNKNOWN msg 0x2725168, ver 0
midway2-0106.rcc.local:UCM:1baa:8e74a700: 1181366909 us(3106215 us!!!):  ucm_recv: UNKNOWN msg 0x1439068, ver 0
midway2-0124.rcc.local:UCM:ddcd:b5e4700: 1181388391 us(810405 us!!!):  ucm_recv: UNKNOWN msg 0xc6dc68, ver 0
midway2-0124.rcc.local:UCM:ddcf:490de700: 1181447942 us(1181447942 us!!!):  ucm_recv: UNKNOWN msg 0x108aa68, ver 0
midway2-0124.rcc.local:UCM:ddc8:c0546700: 1181844467 us(1699981 us!!!):  ucm_recv: UNKNOWN msg 0xd30d68, ver 0
midway2-0124.rcc.local:UCM:ddcc:79f1f700: 1181845547 us(863891 us!!!):  ucm_recv: UNKNOWN msg 0x2325a68, ver 0
midway2-0106.rcc.local:UCM:1b9c:dfcf6700: 1181825095 us(6260227 us!!!):  ucm_recv: UNKNOWN msg 0xecbf68, ver 0
midway2-0124.rcc.local:UCM:ddce:42420700: 1181844429 us(854410 us!!!):  ucm_recv: UNKNOWN msg 0x2494968, ver 0
midway2-0106.rcc.local:UCM:1bab:5a43a700: 1181824445 us(3120327 us!!!):  ucm_recv: UNKNOWN msg 0x1b34d68, ver 0
midway2-0124.rcc.local:UCM:ddd0:386d4700: 1181928024 us(1181928024 us!!!):  ucm_recv: UNKNOWN msg 0x9ca968, ver 0
midway2-0124.rcc.local:UCM:ddc9:72262700: 1182126398 us(1559797 us!!!):  ucm_recv: UNKNOWN msg 0x17b9068, ver 0
midway2-0124.rcc.local:UCM:ddcd:b5e4700: 1182322303 us(933912 us!!!):  ucm_recv: UNKNOWN msg 0xc6dd68, ver 0
midway2-0124.rcc.local:UCM:ddcf:490de700: 1182328266 us(880324 us!!!):  ucm_recv: UNKNOWN msg 0x108ab68, ver 0
midway2-0106.rcc.local:UCM:1b9d:3d3ba700: 1182307848 us(6340188 us!!!):  ucm_recv: UNKNOWN msg 0xe74d68, ver 0
midway2-0106.rcc.local:UCM:1bac:ec687700: 1182301778 us(3204199 us!!!):  ucm_recv: UNKNOWN msg 0x2007168, ver 0
midway2-0124.rcc.local:UCM:ddd1:ea1c3700: 1182387028 us(1182387028 us!!!):  ucm_recv: UNKNOWN msg 0xa6fa68, ver 0
midway2-0124.rcc.local:UCM:ddca:11b30700: 1182575187 us(1591727 us!!!):  ucm_recv: UNKNOWN msg 0x1eebd68, ver 0
midway2-0106.rcc.local:UCM:1b9e:37ac8700: 1182556115 us(6387746 us!!!):  ucm_recv: UNKNOWN msg 0x282bf68, ver 0
midway2-0106.rcc.local:UCM:1bad:67f29700: 1182756084 us(3248132 us!!!):  ucm_recv: UNKNOWN msg 0xad9e68, ver 0
midway2-0124.rcc.local:UCM:ddce:42420700: 1182772540 us(928111 us!!!):  ucm_recv: UNKNOWN msg 0x2494a68, ver 0
midway2-0124.rcc.local:UCM:ddd0:386d4700: 1182776460 us(848436 us!!!):  ucm_recv: UNKNOWN msg 0x9caa68, ver 0
midway2-0124.rcc.local:UCM:ddd2:1b9a7700: 1182783288 us(1182783288 us!!!):  ucm_recv: UNKNOWN msg 0x25ce968, ver 0
midway2-0106.rcc.local:UCM:1b9f:eebb0700: 1182976260 us(6390271 us!!!):  ucm_recv: UNKNOWN msg 0x2660e68, ver 0
midway2-0124.rcc.local:UCM:ddcb:26930700: 1182982391 us(1593810 us!!!):  ucm_recv: UNKNOWN msg 0x2881068, ver 0
midway2-0106.rcc.local:UCM:1ba0:ddae4700: 1183177219 us(6390205 us!!!):  ucm_recv: UNKNOWN msg 0x11e4168, ver 0
midway2-0124.rcc.local:UCM:ddcf:490de700: 1183188372 us(860106 us!!!):  ucm_recv: UNKNOWN msg 0x108ac68, ver 0
midway2-0106.rcc.local:UCM:1bae:c1f2b700: 1183165144 us(3240331 us!!!):  ucm_recv: UNKNOWN msg 0x8a8368, ver 0
midway2-0085.rcc.local:UCM:b38c:e920c700: 1253140720 us(1253140720 us!!!):  ucm_get_smsg: FULLq hd 150 == tl 150, completions stalled, polls=1000000
midway2-0085.rcc.local:UCM:b38c:e920c700: 1274599423 us(21458703 us!!!):  ucm_get_smsg: FULLq hd 150 == tl 150, completions stalled, polls=2000000
midway2-0085.rcc.local:UCM:b38c:e920c700: 1292166135 us(17566712 us!!!):  ucm_get_smsg: FULLq hd 150 == tl 150, completions stalled, polls=3000000
midway2-0085.rcc.local:UCM:b38c:e920c700: 1309738763 us(17572628 us!!!):  ucm_get_smsg: FULLq hd 150 == tl 150, completions stalled, polls=4000000
midway2-0085.rcc.local:UCM:b38c:e920c700: 1333161421 us(23422658 us!!!):  ucm_get_smsg: FULLq hd 150 == tl 150, completions stalled, polls=5000000
midway2-0085.rcc.local:UCM:b38c:e920c700: 1355599113 us(22437692 us!!!):  ucm_get_smsg: FULLq hd 150 == tl 150, completions stalled, polls=6000000
midway2-0085.rcc.local:UCM:b38c:e920c700: 1373191790 us(17592677 us!!!):  ucm_get_smsg: FULLq hd 150 == tl 150, completions stalled, polls=7000000
midway2-0085.rcc.local:UCM:b38c:e920c700: 1395599461 us(22407671 us!!!):  ucm_get_smsg: FULLq hd 150 == tl 150, completions stalled, polls=8000000
midway2-0085.rcc.local:UCM:b38c:e920c700: 1415120137 us(19520676 us!!!):  ucm_get_smsg: FULLq hd 150 == tl 150, completions stalled, polls=9000000
midway2-0085.rcc.local:UCM:b38c:e920c700: 1432682807 us(17562670 us!!!):  ucm_get_smsg: FULLq hd 150 == tl 150, completions stalled, polls=10000000
midway2-0085.rcc.local:UCM:b38c:e920c700: 1454145499 us(21462692 us!!!):  ucm_get_smsg: FULLq hd 150 == tl 150, completions stalled, polls=11000000
midway2-0085.rcc.local:UCM:b38c:e920c700: 1471668133 us(17522634 us!!!):  ucm_get_smsg: FULLq hd 150 == tl 150, completions stalled, polls=12000000
midway2-0085.rcc.local:UCM:b38c:e920c700: 1495060825 us(23392692 us!!!):  ucm_get_smsg: FULLq hd 150 == tl 150, completions stalled, polls=13000000
midway2-0085.rcc.local:UCM:b38c:e920c700: 1514565485 us(19504660 us!!!):  ucm_get_smsg: FULLq hd 150 == tl 150, completions stalled, polls=14000000
midway2-0085.rcc.local:UCM:b38c:e920c700: 1532078138 us(17512653 us!!!):  ucm_get_smsg: FULLq hd 150 == tl 150, completions stalled, polls=15000000
midway2-0085.rcc.local:UCM:b38c:e920c700: 1555504863 us(23426725 us!!!):  ucm_get_smsg: FULLq hd 150 == tl 150, completions stalled, polls=16000000
midway2-0085.rcc.local:UCM:b38c:e920c700: 1575001527 us(19496664 us!!!):  ucm_get_smsg: FULLq hd 150 == tl 150, completions stalled, polls=17000000
midway2-0085.rcc.local:UCM:b38c:e920c700: 1596460264 us(21458737 us!!!):  ucm_get_smsg: FULLq hd 150 == tl 150, completions stalled, polls=18000000
midway2-0085.rcc.local:UCM:b38c:e920c700: 1614036909 us(17576645 us!!!):  ucm_get_smsg: FULLq hd 150 == tl 150, completions stalled, polls=19000000
midway2-0085.rcc.local:UCM:b38c:e920c700: 1633546567 us(19509658 us!!!):  ucm_get_smsg: FULLq hd 150 == tl 150, completions stalled, polls=20000000
midway2-0085.rcc.local:UCM:b38c:e920c700: 1655981248 us(22434681 us!!!):  ucm_get_smsg: FULLq hd 150 == tl 150, completions stalled, polls=21000000
midway2-0085.rcc.local:UCM:b38c:e920c700: 1673467950 us(17486702 us!!!):  ucm_get_smsg: FULLq hd 150 == tl 150, completions stalled, polls=22000000
midway2-0085.rcc.local:UCM:b38c:e920c700: 1694962545 us(21494595 us!!!):  ucm_get_smsg: FULLq hd 150 == tl 150, completions stalled, polls=23000000
midway2-0085.rcc.local:UCM:b38c:e920c700: 1714457216 us(19494671 us!!!):  ucm_get_smsg: FULLq hd 150 == tl 150, completions stalled, polls=24000000
midway2-0085.rcc.local:UCM:b38c:e920c700: 1734007900 us(19550684 us!!!):  ucm_get_smsg: FULLq hd 150 == tl 150, completions stalled, polls=25000000
midway2-0085.rcc.local:UCM:b38c:e920c700: 1755442488 us(21434588 us!!!):  ucm_get_smsg: FULLq hd 150 == tl 150, completions stalled, polls=26000000
midway2-0085.rcc.local:UCM:b38c:e920c700: 1776895200 us(21452712 us!!!):  ucm_get_smsg: FULLq hd 150 == tl 150, completions stalled, polls=27000000
midway2-0085.rcc.local:UCM:b38c:e920c700: 1796385875 us(19490675 us!!!):  ucm_get_smsg: FULLq hd 150 == tl 150, completions stalled, polls=28000000
midway2-0085.rcc.local:UCM:b38c:e920c700: 1815902552 us(19516677 us!!!):  ucm_get_smsg: FULLq hd 150 == tl 150, completions stalled, polls=29000000
midway2-0085.rcc.local:UCM:b38c:e920c700: 1839359239 us(23456687 us!!!):  ucm_get_smsg: FULLq hd 150 == tl 150, completions stalled, polls=30000000
midway2-0085.rcc.local:UCM:b38c:e920c700: 1856915889 us(17556650 us!!!):  ucm_get_smsg: FULLq hd 150 == tl 150, completions stalled, polls=31000000
midway2-0085.rcc.local:UCM:b38c:e920c700: 1878360558 us(21444669 us!!!):  ucm_get_smsg: FULLq hd 150 == tl 150, completions stalled, polls=32000000
midway2-0085.rcc.local:UCM:b38c:e920c700: 1897885226 us(19524668 us!!!):  ucm_get_smsg: FULLq hd 150 == tl 150, completions stalled, polls=33000000
midway2-0085.rcc.local:UCM:b38c:e920c700: 1917341916 us(19456690 us!!!):  ucm_get_smsg: FULLq hd 150 == tl 150, completions stalled, polls=34000000
midway2-0085.rcc.local:UCM:b38c:e920c700: 1938770623 us(21428707 us!!!):  ucm_get_smsg: FULLq hd 150 == tl 150, completions stalled, polls=35000000
midway2-0085.rcc.local:UCM:b38c:e920c700: 1960273281 us(21502658 us!!!):  ucm_get_smsg: FULLq hd 150 == tl 150, completions stalled, polls=36000000
midway2-0085.rcc.local:UCM:b38c:e920c700: 1975867876 us(15594595 us!!!):  ucm_get_smsg: FULLq hd 150 == tl 150, completions stalled, polls=37000000
midway2-0085.rcc.local:UCM:b38c:e920c700: 1999290544 us(23422668 us!!!):  ucm_get_smsg: FULLq hd 150 == tl 150, completions stalled, polls=38000000
midway2-0085.rcc.local:UCM:b38c:e920c700: 2018791154 us(19500610 us!!!):  ucm_get_smsg: FULLq hd 150 == tl 150, completions stalled, polls=39000000
midway2-0085.rcc.local:UCM:b38c:e920c700: 2040249815 us(21458661 us!!!):  ucm_get_smsg: FULLq hd 150 == tl 150, completions stalled, polls=40000000
midway2-0085.rcc.local:UCM:b38c:e920c700: 2059800511 us(19550696 us!!!):  ucm_get_smsg: FULLq hd 150 == tl 150, completions stalled, polls=41000000
midway2-0085.rcc.local:UCM:b38c:e920c700: 2077357161 us(17556650 us!!!):  ucm_get_smsg: FULLq hd 150 == tl 150, completions stalled, polls=42000000
midway2-0085.rcc.local:UCM:b38c:e920c700: 2100743899 us(23386738 us!!!):  ucm_get_smsg: FULLq hd 150 == tl 150, completions stalled, polls=43000000
midway2-0085.rcc.local:UCM:b38c:e920c700: 2120230540 us(19486641 us!!!):  ucm_get_smsg: FULLq hd 150 == tl 150, completions stalled, polls=44000000
midway2-0085.rcc.local:UCM:b38c:e920c700: 2139757235 us(19526695 us!!!):  ucm_get_smsg: FULLq hd 150 == tl 150, completions stalled, polls=45000000
midway2-0085.rcc.local:UCM:b38c:e920c700: -2133777401 us(21432660 us!!!):  ucm_get_smsg: FULLq hd 150 == tl 150, completions stalled, polls=46000000
midway2-0085.rcc.local:UCM:b38c:e920c700: -2118208718 us(15568683 us!!!):  ucm_get_smsg: FULLq hd 150 == tl 150, completions stalled, polls=47000000
midway2-0085.rcc.local:UCM:b38c:e920c700: -2092818052 us(25390666 us!!!):  ucm_get_smsg: FULLq hd 150 == tl 150, completions stalled, polls=48000000
midway2-0085.rcc.local:UCM:b38c:e920c700: -2073317349 us(19500703 us!!!):  ucm_get_smsg: FULLq hd 150 == tl 150, completions stalled, polls=49000000
midway2-0085.rcc.local:UCM:b38c:e920c700: -2053812693 us(19504656 us!!!):  ucm_get_smsg: FULLq hd 150 == tl 150, completions stalled, polls=50000000
midway2-0085.rcc.local:UCM:b38c:e920c700: -2032348033 us(21464660 us!!!):  ucm_get_smsg: FULLq hd 150 == tl 150, completions stalled, polls=51000000
midway2-0085.rcc.local:UCM:b38c:e920c700: -2016719384 us(15628649 us!!!):  ucm_get_smsg: FULLq hd 150 == tl 150, completions stalled, polls=52000000
midway2-0085.rcc.local:UCM:b38c:e920c700: -1995264729 us(21454655 us!!!):  ucm_get_smsg: FULLq hd 150 == tl 150, completions stalled, polls=53000000
midway2-0085.rcc.local:UCM:b38c:e920c700: -1973802013 us(21462716 us!!!):  ucm_get_smsg: FULLq hd 150 == tl 150, completions stalled, polls=54000000
midway2-0085.rcc.local:UCM:b38c:e920c700: -1954305343 us(19496670 us!!!):  ucm_get_smsg: FULLq hd 150 == tl 150, completions stalled, polls=55000000
midway2-0085.rcc.local:UCM:b38c:e920c700: -1932852664 us(21452679 us!!!):  ucm_get_smsg: FULLq hd 150 == tl 150, completions stalled, polls=56000000
midway2-0085.rcc.local:UCM:b38c:e920c700: -1913315995 us(19536669 us!!!):  ucm_get_smsg: FULLq hd 150 == tl 150, completions stalled, polls=57000000
midway2-0085.rcc.local:UCM:b38c:e920c700: -1893845322 us(19470673 us!!!):  ucm_get_smsg: FULLq hd 150 == tl 150, completions stalled, polls=58000000
midway2-0085.rcc.local:UCM:b38c:e920c700: -1872356652 us(21488670 us!!!):  ucm_get_smsg: FULLq hd 150 == tl 150, completions stalled, polls=59000000
midway2-0085.rcc.local:UCM:b38c:e920c700: -1854779977 us(17576675 us!!!):  ucm_get_smsg: FULLq hd 150 == tl 150, completions stalled, polls=60000000
midway2-0085.rcc.local:UCM:b38c:e920c700: -1831344265 us(23435712 us!!!):  ucm_get_smsg: FULLq hd 150 == tl 150, completions stalled, polls=61000000
midway2-0085.rcc.local:UCM:b38c:e920c700: -1810833606 us(20510659 us!!!):  ucm_get_smsg: FULLq hd 150 == tl 150, completions stalled, polls=62000000
midway2-0085.rcc.local:UCM:b38c:e920c700: -1795208930 us(15624676 us!!!):  ucm_get_smsg: FULLq hd 150 == tl 150, completions stalled, polls=63000000
midway2-0085.rcc.local:UCM:b38c:e920c700: -1769894231 us(25314699 us!!!):  ucm_get_smsg: FULLq hd 150 == tl 150, completions stalled, polls=64000000
midway2-0085.rcc.local:UCM:b38c:e920c700: -1752285545 us(17608686 us!!!):  ucm_get_smsg: FULLq hd 150 == tl 150, completions stalled, polls=65000000
midway2-0085.rcc.local:UCM:b38c:e920c700: -1731921864 us(20363681 us!!!):  ucm_get_smsg: FULLq hd 150 == tl 150, completions stalled, polls=66000000
midway2-0085.rcc.local:UCM:b38c:e920c700: -1710427228 us(21494636 us!!!):  ucm_get_smsg: FULLq hd 150 == tl 150, completions stalled, polls=67000000
midway2-0085.rcc.local:UCM:b38c:e920c700: -1692864549 us(17562679 us!!!):  ucm_get_smsg: FULLq hd 150 == tl 150, completions stalled, polls=68000000
midway2-0085.rcc.local:UCM:b38c:e920c700: -1673359910 us(19504639 us!!!):  ucm_get_smsg: FULLq hd 150 == tl 150, completions stalled, polls=69000000
midway2-0085.rcc.local:UCM:b38c:e920c700: -1651885274 us(21474636 us!!!):  ucm_get_smsg: FULLq hd 150 == tl 150, completions stalled, polls=70000000
midway2-0085.rcc.local:UCM:b38c:e920c700: -1634348640 us(17536634 us!!!):  ucm_get_smsg: FULLq hd 150 == tl 150, completions stalled, polls=71000000
midway2-0085.rcc.local:UCM:b38c:e920c700: -1610881944 us(23466696 us!!!):  ucm_get_smsg: FULLq hd 150 == tl 150, completions stalled, polls=72000000
midway2-0085.rcc.local:UCM:b38c:e920c700: -1589433204 us(21448740 us!!!):  ucm_get_smsg: FULLq hd 150 == tl 150, completions stalled, polls=73000000
midway2-0085.rcc.local:UCM:b38c:e920c700: -1571874506 us(17558698 us!!!):  ucm_get_smsg: FULLq hd 150 == tl 150, completions stalled, polls=74000000
midway2-0085.rcc.local:UCM:b38c:e920c700: -1552399799 us(19474707 us!!!):  ucm_get_smsg: FULLq hd 150 == tl 150, completions stalled, polls=75000000
midway2-0085.rcc.local:UCM:b38c:e920c700: -1527994107 us(24405692 us!!!):  ucm_get_smsg: FULLq hd 150 == tl 150, completions stalled, polls=76000000
midway2-0085.rcc.local:UCM:b38c:e920c700: -1508467411 us(19526696 us!!!):  ucm_get_smsg: FULLq hd 150 == tl 150, completions stalled, polls=77000000
midway2-0085.rcc.local:UCM:b38c:e920c700: -1488922693 us(19544718 us!!!):  ucm_get_smsg: FULLq hd 150 == tl 150, completions stalled, polls=78000000
midway2-0085.rcc.local:UCM:b38c:e920c700: -1469476000 us(19446693 us!!!):  ucm_get_smsg: FULLq hd 150 == tl 150, completions stalled, polls=79000000
midway2-0085.rcc.local:UCM:b38c:e920c700: -1451909312 us(17566688 us!!!):  ucm_get_smsg: FULLq hd 150 == tl 150, completions stalled, polls=80000000
midway2-0085.rcc.local:UCM:b38c:e920c700: -1430480622 us(21428690 us!!!):  ucm_get_smsg: FULLq hd 150 == tl 150, completions stalled, polls=81000000
midway2-0085.rcc.local:UCM:b38c:e920c700: -1407073960 us(23406662 us!!!):  ucm_get_smsg: FULLq hd 150 == tl 150, completions stalled, polls=82000000
midway2-0085.rcc.local:UCM:b38c:e920c700: -1387543317 us(19530643 us!!!):  ucm_get_smsg: FULLq hd 150 == tl 150, completions stalled, polls=83000000
midway2-0085.rcc.local:UCM:b38c:e920c700: -1369970669 us(17572648 us!!!):  ucm_get_smsg: FULLq hd 150 == tl 150, completions stalled, polls=84000000
midway2-0085.rcc.local:UCM:b38c:e920c700: -1348501978 us(21468691 us!!!):  ucm_get_smsg: FULLq hd 150 == tl 150, completions stalled, polls=85000000
midway2-0085.rcc.local:UCM:b38c:e920c700: -1328066332 us(20435646 us!!!):  ucm_get_smsg: FULLq hd 150 == tl 150, completions stalled, polls=86000000
midway2-0085.rcc.local:UCM:b38c:e920c700: -1308481657 us(19584675 us!!!):  ucm_get_smsg: FULLq hd 150 == tl 150, completions stalled, polls=87000000
midway2-0085.rcc.local:UCM:b38c:e920c700: -1287042959 us(21438698 us!!!):  ucm_get_smsg: FULLq hd 150 == tl 150, completions stalled, polls=88000000
midway2-0085.rcc.local:UCM:b38c:e920c700: -1265604329 us(21438630 us!!!):  ucm_get_smsg: FULLq hd 150 == tl 150, completions stalled, polls=89000000
midway2-0085.rcc.local:UCM:b38c:e920c700: -1250019635 us(15584694 us!!!):  ucm_get_smsg: FULLq hd 150 == tl 150, completions stalled, polls=90000000
midway2-0085.rcc.local:UCM:b38c:e920c700: -1226596937 us(23422698 us!!!):  ucm_get_smsg: FULLq hd 150 == tl 150, completions stalled, polls=91000000
midway2-0085.rcc.local:UCM:b38c:e920c700: -1207076248 us(19520689 us!!!):  ucm_get_smsg: FULLq hd 150 == tl 150, completions stalled, polls=92000000
midway2-0085.rcc.local:UCM:b38c:e920c700: -1187521525 us(19554723 us!!!):  ucm_get_smsg: FULLq hd 150 == tl 150, completions stalled, polls=93000000
midway2-0085.rcc.local:UCM:b38c:e920c700: -1166092819 us(21428706 us!!!):  ucm_get_smsg: FULLq hd 150 == tl 150, completions stalled, polls=94000000
midway2-0085.rcc.local:UCM:b38c:e920c700: -1144648161 us(21444658 us!!!):  ucm_get_smsg: FULLq hd 150 == tl 150, completions stalled, polls=95000000
midway2-0085.rcc.local:UCM:b38c:e920c700: -1125093461 us(19554700 us!!!):  ucm_get_smsg: FULLq hd 150 == tl 150, completions stalled, polls=96000000
midway2-0085.rcc.local:UCM:b38c:e920c700: -1105621810 us(19471651 us!!!):  ucm_get_smsg: FULLq hd 150 == tl 150, completions stalled, polls=97000000
midway2-0085.rcc.local:UCM:b38c:e920c700: -1084163134 us(21458676 us!!!):  ucm_get_smsg: FULLq hd 150 == tl 150, completions stalled, polls=98000000
midway2-0085.rcc.local:UCM:b38c:e920c700: -1068558542 us(15604592 us!!!):  ucm_get_smsg: FULLq hd 150 == tl 150, completions stalled, polls=99000000
midway2-0085.rcc.local:UCM:b38c:e920c700: -1043177832 us(25380710 us!!!):  ucm_get_smsg: FULLq hd 150 == tl 150, completions stalled, polls=100000000
midway2-0085.rcc.local:UCM:b38c:e920c700: -1023713176 us(19464656 us!!!):  ucm_get_smsg: FULLq hd 150 == tl 150, completions stalled, polls=101000000
midway2-0085.rcc.local:UCM:b38c:e920c700: -1006164537 us(17548639 us!!!):  ucm_get_smsg: FULLq hd 150 == tl 150, completions stalled, polls=102000000
midway2-0085.rcc.local:UCM:b38c:e920c700: -986639886 us(19524651 us!!!):  ucm_get_smsg: FULLq hd 150 == tl 150, completions stalled, polls=103000000
midway2-0085.rcc.local:UCM:b38c:e920c700: -965161192 us(21478694 us!!!):  ucm_get_smsg: FULLq hd 150 == tl 150, completions stalled, polls=104000000
midway2-0085.rcc.local:UCM:b38c:e920c700: -945650510 us(19510682 us!!!):  ucm_get_smsg: FULLq hd 150 == tl 150, completions stalled, polls=105000000
midway2-0085.rcc.local:UCM:b38c:e920c700: -924211786 us(21438724 us!!!):  ucm_get_smsg: FULLq hd 150 == tl 150, completions stalled, polls=106000000
midway2-0085.rcc.local:UCM:b38c:e920c700: -904661097 us(19550689 us!!!):  ucm_get_smsg: FULLq hd 150 == tl 150, completions stalled, polls=107000000
midway2-0085.rcc.local:UCM:b38c:e920c700: -885370181 us(19290916 us!!!):  ucm_get_smsg: FULLq hd 150 == tl 150, completions stalled, polls=108000000
midway2-0085.rcc.local:UCM:b38c:e920c700: -863930485 us(21439696 us!!!):  ucm_get_smsg: FULLq hd 150 == tl 150, completions stalled, polls=109000000
midway2-0085.rcc.local:UCM:b38c:e920c700: -845489746 us(18440739 us!!!):  ucm_get_smsg: FULLq hd 150 == tl 150, completions stalled, polls=110000000
midway2-0085.rcc.local:UCM:b38c:e920c700: -824004967 us(21484779 us!!!):  ucm_get_smsg: FULLq hd 150 == tl 150, completions stalled, polls=111000000
midway2-0085.rcc.local:UCM:b38c:e920c700: -800574259 us(23430708 us!!!):  ucm_get_smsg: FULLq hd 150 == tl 150, completions stalled, polls=112000000
midway2-0085.rcc.local:UCM:b38c:e920c700: -781067566 us(19506693 us!!!):  ucm_get_smsg: FULLq hd 150 == tl 150, completions stalled, polls=113000000
midway2-0085.rcc.local:UCM:b38c:e920c700: -761542857 us(19524709 us!!!):  ucm_get_smsg: FULLq hd 150 == tl 150, completions stalled, polls=114000000
midway2-0085.rcc.local:UCM:b38c:e920c700: -741063200 us(20479657 us!!!):  ucm_get_smsg: FULLq hd 150 == tl 150, completions stalled, polls=115000000
midway2-0085.rcc.local:UCM:b38c:e920c700: -723480491 us(17582709 us!!!):  ucm_get_smsg: FULLq hd 150 == tl 150, completions stalled, polls=116000000
midway2-0085.rcc.local:UCM:b38c:e920c700: -694217550 us(29262941 us!!!):  ucm_get_smsg: FULLq hd 150 == tl 150, completions stalled, polls=117000000
midway2-0085.rcc.local:UCM:b38c:e920c700: -678598871 us(15618679 us!!!):  ucm_get_smsg: FULLq hd 150 == tl 150, completions stalled, polls=118000000
midway2-0085.rcc.local:UCM:b38c:e920c700: -655202141 us(23396730 us!!!):  ucm_get_smsg: FULLq hd 150 == tl 150, completions stalled, polls=119000000
midway2-0085.rcc.local:UCM:b38c:e920c700: -633767507 us(21434634 us!!!):  ucm_get_smsg: FULLq hd 150 == tl 150, completions stalled, polls=120000000
midway2-0085.rcc.local:UCM:b38c:e920c700: -616174794 us(17592713 us!!!):  ucm_get_smsg: FULLq hd 150 == tl 150, completions stalled, polls=121000000
midway2-0085.rcc.local:UCM:b38c:e920c700: -594736059 us(21438735 us!!!):  ucm_get_smsg: FULLq hd 150 == tl 150, completions stalled, polls=122000000
midway2-0085.rcc.local:UCM:b38c:e920c700: -575205420 us(19530639 us!!!):  ucm_get_smsg: FULLq hd 150 == tl 150, completions stalled, polls=123000000
midway2-0085.rcc.local:UCM:b38c:e920c700: -557638779 us(17566641 us!!!):  ucm_get_smsg: FULLq hd 150 == tl 150, completions stalled, polls=124000000
midway2-0085.rcc.local:UCM:b38c:e920c700: -532288082 us(25350697 us!!!):  ucm_get_smsg: FULLq hd 150 == tl 150, completions stalled, polls=125000000
midway2-0085.rcc.local:UCM:b38c:e920c700: -514705380 us(17582702 us!!!):  ucm_get_smsg: FULLq hd 150 == tl 150, completions stalled, polls=126000000
midway2-0085.rcc.local:UCM:b38c:e920c700: -493226660 us(21478720 us!!!):  ucm_get_smsg: FULLq hd 150 == tl 150, completions stalled, polls=127000000
midway2-0085.rcc.local:UCM:b38c:e920c700: -473761977 us(19464683 us!!!):  ucm_get_smsg: FULLq hd 150 == tl 150, completions stalled, polls=128000000
midway2-0085.rcc.local:UCM:b38c:e920c700: -452303290 us(21458687 us!!!):  ucm_get_smsg: FULLq hd 150 == tl 150, completions stalled, polls=129000000
midway2-0085.rcc.local:UCM:b38c:e920c700: -436668689 us(15634601 us!!!):  ucm_get_smsg: FULLq hd 150 == tl 150, completions stalled, polls=130000000
midway2-0085.rcc.local:UCM:b38c:e920c700: -413296004 us(23372685 us!!!):  ucm_get_smsg: FULLq hd 150 == tl 150, completions stalled, polls=131000000
midway2-0085.rcc.local:UCM:b38c:e920c700: -391837269 us(21458735 us!!!):  ucm_get_smsg: FULLq hd 150 == tl 150, completions stalled, polls=132000000
midway2-0085.rcc.local:UCM:b38c:e920c700: -372292568 us(19544701 us!!!):  ucm_get_smsg: FULLq hd 150 == tl 150, completions stalled, polls=133000000
midway2-0085.rcc.local:UCM:b38c:e920c700: -352791905 us(19500663 us!!!):  ucm_get_smsg: FULLq hd 150 == tl 150, completions stalled, polls=134000000
midway2-0085.rcc.local:UCM:b38c:e920c700: -333311227 us(19480678 us!!!):  ucm_get_smsg: FULLq hd 150 == tl 150, completions stalled, polls=135000000
midway2-0085.rcc.local:UCM:b38c:e920c700: -311833597 us(21477630 us!!!):  ucm_get_smsg: FULLq hd 150 == tl 150, completions stalled, polls=136000000
midway2-0085.rcc.local:UCM:b38c:e920c700: -295238957 us(16594640 us!!!):  ucm_get_smsg: FULLq hd 150 == tl 150, completions stalled, polls=137000000
midway2-0085.rcc.local:UCM:b38c:e920c700: -271806238 us(23432719 us!!!):  ucm_get_smsg: FULLq hd 150 == tl 150, completions stalled, polls=138000000
midway2-0085.rcc.local:UCM:b38c:e920c700: -251312586 us(20493652 us!!!):  ucm_get_smsg: FULLq hd 150 == tl 150, completions stalled, polls=139000000
midway2-0085.rcc.local:UCM:b38c:e920c700: -229924898 us(21387688 us!!!):  ucm_get_smsg: FULLq hd 150 == tl 150, completions stalled, polls=140000000
midway2-0085.rcc.local:UCM:b38c:e920c700: -211356178 us(18568720 us!!!):  ucm_get_smsg: FULLq hd 150 == tl 150, completions stalled, polls=141000000
midway2-0085.rcc.local:UCM:b38c:e920c700: -189917505 us(21438673 us!!!):  ucm_get_smsg: FULLq hd 150 == tl 150, completions stalled, polls=142000000
midway2-0085.rcc.local:UCM:b38c:e920c700: -172360801 us(17556704 us!!!):  ucm_get_smsg: FULLq hd 150 == tl 150, completions stalled, polls=143000000
midway2-0085.rcc.local:UCM:b38c:e920c700: -153799172 us(18561629 us!!!):  ucm_get_smsg: FULLq hd 150 == tl 150, completions stalled, polls=144000000
midway2-0085.rcc.local:UCM:b38c:e920c700: -130403442 us(23395730 us!!!):  ucm_get_smsg: FULLq hd 150 == tl 150, completions stalled, polls=145000000
midway2-0085.rcc.local:UCM:b38c:e920c700: -111874762 us(18528680 us!!!):  ucm_get_smsg: FULLq hd 150 == tl 150, completions stalled, polls=146000000
midway2-0085.rcc.local:UCM:b38c:e920c700: -88487986 us(23386776 us!!!):  ucm_get_smsg: FULLq hd 150 == tl 150, completions stalled, polls=147000000
midway2-0085.rcc.local:UCM:b38c:e920c700: -68997314 us(19490672 us!!!):  ucm_get_smsg: FULLq hd 150 == tl 150, completions stalled, polls=148000000
midway2-0085.rcc.local:UCM:b38c:e920c700: -51394647 us(17602667 us!!!):  ucm_get_smsg: FULLq hd 150 == tl 150, completions stalled, polls=149000000
midway2-0085.rcc.local:UCM:b38c:e920c700: -27989494 us(23405153 us!!!):  ucm_get_smsg: FULLq hd 150 == tl 150, completions stalled, polls=150000000
midway2-0085.rcc.local:UCM:b38c:e920c700: -12838859 us(15150635 us!!!):  ucm_get_smsg: FULLq hd 150 == tl 150, completions stalled, polls=151000000
midway2-0085.rcc.local:UCM:b38c:e920c700: 12551837 us(25390696 us!!!):  ucm_get_smsg: FULLq hd 150 == tl 150, completions stalled, polls=152000000
midway2-0085.rcc.local:UCM:b38c:e920c700: 30088511 us(17536674 us!!!):  ucm_get_smsg: FULLq hd 150 == tl 150, completions stalled, polls=153000000
midway2-0085.rcc.local:UCM:b38c:e920c700: 51543203 us(21454692 us!!!):  ucm_get_smsg: FULLq hd 150 == tl 150, completions stalled, polls=154000000
midway2-0085.rcc.local:UCM:b38c:e920c700: 71093915 us(19550712 us!!!):  ucm_get_smsg: FULLq hd 150 == tl 150, completions stalled, polls=155000000
midway2-0085.rcc.local:UCM:b38c:e920c700: 92506608 us(21412693 us!!!):  ucm_get_smsg: FULLq hd 150 == tl 150, completions stalled, polls=156000000
midway2-0085.rcc.local:UCM:b38c:e920c700: 110055275 us(17548667 us!!!):  ucm_get_smsg: FULLq hd 150 == tl 150, completions stalled, polls=157000000
midway2-0085.rcc.local:UCM:b38c:e920c700: 131518012 us(21462737 us!!!):  ucm_get_smsg: FULLq hd 150 == tl 150, completions stalled, polls=158000000
midway2-0085.rcc.local:UCM:b38c:e920c700: 149070642 us(17552630 us!!!):  ucm_get_smsg: FULLq hd 150 == tl 150, completions stalled, polls=159000000
midway2-0085.rcc.local:UCM:b38c:e920c700: 168551250 us(19480608 us!!!):  ucm_get_smsg: FULLq hd 150 == tl 150, completions stalled, polls=160000000
midway2-0085.rcc.local:UCM:b38c:e920c700: 193911964 us(25360714 us!!!):  ucm_get_smsg: FULLq hd 150 == tl 150, completions stalled, polls=161000000
midway2-0085.rcc.local:UCM:b38c:e920c700: 211458656 us(17546692 us!!!):  ucm_get_smsg: FULLq hd 150 == tl 150, completions stalled, polls=162000000
midway2-0085.rcc.local:UCM:b38c:e920c700: 230975312 us(19516656 us!!!):  ucm_get_smsg: FULLq hd 150 == tl 150, completions stalled, polls=163000000
midway2-0085.rcc.local:UCM:b38c:e920c700: 252434082 us(21458770 us!!!):  ucm_get_smsg: FULLq hd 150 == tl 150, completions stalled, polls=164000000
midway2-0085.rcc.local:UCM:b38c:e920c700: 271944673 us(19510591 us!!!):  ucm_get_smsg: FULLq hd 150 == tl 150, completions stalled, polls=165000000
midway2-0085.rcc.local:UCM:b38c:e920c700: 291469391 us(19524718 us!!!):  ucm_get_smsg: FULLq hd 150 == tl 150, completions stalled, polls=166000000
midway2-0085.rcc.local:UCM:b38c:e920c700: 309871083 us(18401692 us!!!):  ucm_get_smsg: FULLq hd 150 == tl 150, completions stalled, polls=167000000
midway2-0085.rcc.local:UCM:b38c:e920c700: 335265776 us(25394693 us!!!):  ucm_get_smsg: FULLq hd 150 == tl 150, completions stalled, polls=168000000
midway2-0085.rcc.local:UCM:b38c:e920c700: 352834450 us(17568674 us!!!):  ucm_get_smsg: FULLq hd 150 == tl 150, completions stalled, polls=169000000
midway2-0085.rcc.local:UCM:b38c:e920c700: 376241319 us(23406869 us!!!):  ucm_get_smsg: FULLq hd 150 == tl 150, completions stalled, polls=170000000
midway2-0085.rcc.local:UCM:b38c:e920c700: 399654026 us(23412707 us!!!):  ucm_get_smsg: FULLq hd 150 == tl 150, completions stalled, polls=171000000
midway2-0085.rcc.local:UCM:b38c:e920c700: 421142789 us(21488763 us!!!):  ucm_get_smsg: FULLq hd 150 == tl 150, completions stalled, polls=172000000
midway2-0085.rcc.local:UCM:b38c:e920c700: 436781489 us(15638700 us!!!):  ucm_get_smsg: FULLq hd 150 == tl 150, completions stalled, polls=173000000
midway2-0085.rcc.local:UCM:b38c:e920c700: 458200182 us(21418693 us!!!):  ucm_get_smsg: FULLq hd 150 == tl 150, completions stalled, polls=174000000
midway2-0085.rcc.local:UCM:b38c:e920c700: 479668906 us(21468724 us!!!):  ucm_get_smsg: FULLq hd 150 == tl 150, completions stalled, polls=175000000
midway2-0085.rcc.local:UCM:b38c:e920c700: 499189647 us(19520741 us!!!):  ucm_get_smsg: FULLq hd 150 == tl 150, completions stalled, polls=176000000
midway2-0085.rcc.local:UCM:b38c:e920c700: 520624310 us(21434663 us!!!):  ucm_get_smsg: FULLq hd 150 == tl 150, completions stalled, polls=177000000
midway2-0085.rcc.local:UCM:b38c:e920c700: 542027033 us(21402723 us!!!):  ucm_get_smsg: FULLq hd 150 == tl 150, completions stalled, polls=178000000
midway2-0085.rcc.local:UCM:b38c:e920c700: 563511664 us(21484631 us!!!):  ucm_get_smsg: FULLq hd 150 == tl 150, completions stalled, polls=179000000
midway2-0085.rcc.local:UCM:b38c:e920c700: 579140384 us(15628720 us!!!):  ucm_get_smsg: FULLq hd 150 == tl 150, completions stalled, polls=180000000
midway2-0085.rcc.local:UCM:b38c:e920c700: 602543157 us(23402773 us!!!):  ucm_get_smsg: FULLq hd 150 == tl 150, completions stalled, polls=181000000
midway2-0085.rcc.local:UCM:b38c:e920c700: 620099854 us(17556697 us!!!):  ucm_get_smsg: FULLq hd 150 == tl 150, completions stalled, polls=182000000
midway2-0085.rcc.local:UCM:b38c:e920c700: 638651508 us(18551654 us!!!):  ucm_get_smsg: FULLq hd 150 == tl 150, completions stalled, polls=183000000
midway2-0085.rcc.local:UCM:b38c:e920c700: 661229056 us(22577548 us!!!):  ucm_get_smsg: FULLq hd 150 == tl 150, completions stalled, polls=184000000
midway2-0085.rcc.local:UCM:b38c:e920c700: 680729751 us(19500695 us!!!):  ucm_get_smsg: FULLq hd 150 == tl 150, completions stalled, polls=185000000
midway2-0085.rcc.local:UCM:b38c:e920c700: 702214374 us(21484623 us!!!):  ucm_get_smsg: FULLq hd 150 == tl 150, completions stalled, polls=186000000
midway2-0085.rcc.local:UCM:b38c:e920c700: 721679052 us(19464678 us!!!):  ucm_get_smsg: FULLq hd 150 == tl 150, completions stalled, polls=187000000
midway2-0085.rcc.local:UCM:b38c:e920c700: 743157741 us(21478689 us!!!):  ucm_get_smsg: FULLq hd 150 == tl 150, completions stalled, polls=188000000
midway2-0085.rcc.local:UCM:b38c:e920c700: 760700433 us(17542692 us!!!):  ucm_get_smsg: FULLq hd 150 == tl 150, completions stalled, polls=189000000
midway2-0085.rcc.local:UCM:b38c:e920c700: 784083243 us(23382810 us!!!):  ucm_get_smsg: FULLq hd 150 == tl 150, completions stalled, polls=190000000
midway2-0085.rcc.local:UCM:b38c:e920c700: 805505935 us(21422692 us!!!):  ucm_get_smsg: FULLq hd 150 == tl 150, completions stalled, polls=191000000
midway2-0085.rcc.local:UCM:b38c:e920c700: 823108640 us(17602705 us!!!):  ucm_get_smsg: FULLq hd 150 == tl 150, completions stalled, polls=192000000
midway2-0085.rcc.local:UCM:b38c:e920c700: 842629323 us(19520683 us!!!):  ucm_get_smsg: FULLq hd 150 == tl 150, completions stalled, polls=193000000
midway2-0085.rcc.local:UCM:b38c:e920c700: 865971982 us(23342659 us!!!):  ucm_get_smsg: FULLq hd 150 == tl 150, completions stalled, polls=194000000
midway2-0085.rcc.local:UCM:b38c:e920c700: 881610630 us(15638648 us!!!):  ucm_get_smsg: FULLq hd 150 == tl 150, completions stalled, polls=195000000
midway2-0085.rcc.local:UCM:b38c:e920c700: 905037361 us(23426731 us!!!):  ucm_get_smsg: FULLq hd 150 == tl 150, completions stalled, polls=196000000
midway2-0085.rcc.local:UCM:b38c:e920c700: 926482031 us(21444670 us!!!):  ucm_get_smsg: FULLq hd 150 == tl 150, completions stalled, polls=197000000
midway2-0085.rcc.local:UCM:b38c:e920c700: 945956768 us(19474737 us!!!):  ucm_get_smsg: FULLq hd 150 == tl 150, completions stalled, polls=198000000
midway2-0085.rcc.local:UCM:b38c:e920c700: 963535406 us(17578638 us!!!):  ucm_get_smsg: FULLq hd 150 == tl 150, completions stalled, polls=199000000
midway2-0085.rcc.local:UCM:b38c:e920c700: 986976126 us(23440720 us!!!):  ucm_get_smsg: FULLq hd 150 == tl 150, completions stalled, polls=200000000
midway2-0085.rcc.local:UCM:b38c:e920c700: 1002550767 us(15574641 us!!!):  ucm_get_smsg: FULLq hd 150 == tl 150, completions stalled, polls=201000000
midway2-0085.rcc.local:UCM:b38c:e920c700: 1024009508 us(21458741 us!!!):  ucm_get_smsg: FULLq hd 150 == tl 150, completions stalled, polls=202000000
midway2-0085.rcc.local:UCM:b38c:e920c700: 1044505120 us(20495612 us!!!):  ucm_get_smsg: FULLq hd 150 == tl 150, completions stalled, polls=203000000
midway2-0085.rcc.local:UCM:b38c:e920c700: 1071814165 us(27309045 us!!!):  ucm_get_smsg: FULLq hd 150 == tl 150, completions stalled, polls=204000000
midway2-0085.rcc.local:UCM:b38c:e920c700: 1091324853 us(19510688 us!!!):  ucm_get_smsg: FULLq hd 150 == tl 150, completions stalled, polls=205000000
midway2-0085.rcc.local:UCM:b38c:e920c700: 1110825544 us(19500691 us!!!):  ucm_get_smsg: FULLq hd 150 == tl 150, completions stalled, polls=206000000
midway2-0085.rcc.local:UCM:b38c:e920c700: 1132238285 us(21412741 us!!!):  ucm_get_smsg: FULLq hd 150 == tl 150, completions stalled, polls=207000000
midway2-0085.rcc.local:UCM:b38c:e920c700: 1149820920 us(17582635 us!!!):  ucm_get_smsg: FULLq hd 150 == tl 150, completions stalled, polls=208000000
midway2-0085.rcc.local:UCM:b38c:e920c700: 1173273646 us(23452726 us!!!):  ucm_get_smsg: FULLq hd 150 == tl 150, completions stalled, polls=209000000
midway2-0085.rcc.local:UCM:b38c:e920c700: 1194696284 us(21422638 us!!!):  ucm_get_smsg: FULLq hd 150 == tl 150, completions stalled, polls=210000000
midway2-0085.rcc.local:UCM:b38c:e920c700: 1212228940 us(17532656 us!!!):  ucm_get_smsg: FULLq hd 150 == tl 150, completions stalled, polls=211000000
midway2-0085.rcc.local:UCM:b38c:e920c700: 1233697672 us(21468732 us!!!):  ucm_get_smsg: FULLq hd 150 == tl 150, completions stalled, polls=212000000
midway2-0085.rcc.local:UCM:b38c:e920c700: 1255232419 us(21534747 us!!!):  ucm_get_smsg: FULLq hd 150 == tl 150, completions stalled, polls=213000000
midway2-0085.rcc.local:UCM:b38c:e920c700: 1274727151 us(19494732 us!!!):  ucm_get_smsg: FULLq hd 150 == tl 150, completions stalled, polls=214000000
midway2-0085.rcc.local:UCM:b38c:e920c700: 1296145853 us(21418702 us!!!):  ucm_get_smsg: FULLq hd 150 == tl 150, completions stalled, polls=215000000
midway2-0085.rcc.local:UCM:b38c:e920c700: 1315645567 us(19499714 us!!!):  ucm_get_smsg: FULLq hd 150 == tl 150, completions stalled, polls=216000000
midway2-0085.rcc.local:UCM:b38c:e920c700: 1336176211 us(20530644 us!!!):  ucm_get_smsg: FULLq hd 150 == tl 150, completions stalled, polls=217000000
midway2-0085.rcc.local:UCM:b38c:e920c700: 1351760897 us(15584686 us!!!):  ucm_get_smsg: FULLq hd 150 == tl 150, completions stalled, polls=218000000
midway2-0085.rcc.local:UCM:b38c:e920c700: 1376072528 us(24311631 us!!!):  ucm_get_smsg: FULLq hd 150 == tl 150, completions stalled, polls=219000000
midway2-0085.rcc.local:UCM:b38c:e920c700: 1393649225 us(17576697 us!!!):  ucm_get_smsg: FULLq hd 150 == tl 150, completions stalled, polls=220000000
midway2-0085.rcc.local:UCM:b38c:e920c700: 1417051942 us(23402717 us!!!):  ucm_get_smsg: FULLq hd 150 == tl 150, completions stalled, polls=221000000
midway2-0085.rcc.local:UCM:b38c:e920c700: 1434634697 us(17582755 us!!!):  ucm_get_smsg: FULLq hd 150 == tl 150, completions stalled, polls=222000000
midway2-0085.rcc.local:UCM:b38c:e920c700: 1455168368 us(20533671 us!!!):  ucm_get_smsg: FULLq hd 150 == tl 150, completions stalled, polls=223000000
midway2-0085.rcc.local:UCM:b38c:e920c700: 1474725019 us(19556651 us!!!):  ucm_get_smsg: FULLq hd 150 == tl 150, completions stalled, polls=224000000
midway2-0085.rcc.local:UCM:b38c:e920c700: 1496157696 us(21432677 us!!!):  ucm_get_smsg: FULLq hd 150 == tl 150, completions stalled, polls=225000000
midway2-0085.rcc.local:UCM:b38c:e920c700: 1517592366 us(21434670 us!!!):  ucm_get_smsg: FULLq hd 150 == tl 150, completions stalled, polls=226000000
midway2-0085.rcc.local:UCM:b38c:e920c700: 1537116972 us(19524606 us!!!):  ucm_get_smsg: FULLq hd 150 == tl 150, completions stalled, polls=227000000
midway2-0085.rcc.local:UCM:b38c:e920c700: 1558545596 us(21428624 us!!!):  ucm_get_smsg: FULLq hd 150 == tl 150, completions stalled, polls=228000000
midway2-0085.rcc.local:UCM:b38c:e920c700: 1578022340 us(19476744 us!!!):  ucm_get_smsg: FULLq hd 150 == tl 150, completions stalled, polls=229000000
midway2-0085.rcc.local:UCM:b38c:e920c700: 1597527025 us(19504685 us!!!):  ucm_get_smsg: FULLq hd 150 == tl 150, completions stalled, polls=230000000
midway2-0085.rcc.local:UCM:b38c:e920c700: 1617007773 us(19480748 us!!!):  ucm_get_smsg: FULLq hd 150 == tl 150, completions stalled, polls=231000000
midway2-0085.rcc.local:UCM:b38c:e920c700: 1636494393 us(19486620 us!!!):  ucm_get_smsg: FULLq hd 150 == tl 150, completions stalled, polls=232000000
midway2-0085.rcc.local:UCM:b38c:e920c700: 1654041125 us(17546732 us!!!):  ucm_get_smsg: FULLq hd 150 == tl 150, completions stalled, polls=233000000
midway2-0085.rcc.local:UCM:b38c:e920c700: 1677443797 us(23402672 us!!!):  ucm_get_smsg: FULLq hd 150 == tl 150, completions stalled, polls=234000000
midway2-0085.rcc.local:UCM:b38c:e920c700: 1696928523 us(19484726 us!!!):  ucm_get_smsg: FULLq hd 150 == tl 150, completions stalled, polls=235000000
midway2-0085.rcc.local:UCM:b38c:e920c700: 1716465207 us(19536684 us!!!):  ucm_get_smsg: FULLq hd 150 == tl 150, completions stalled, polls=236000000
midway2-0085.rcc.local:UCM:b38c:e920c700: 1737907865 us(21442658 us!!!):  ucm_get_smsg: FULLq hd 150 == tl 150, completions stalled, polls=237000000
midway2-0085.rcc.local:UCM:b38c:e920c700: 1759346523 us(21438658 us!!!):  ucm_get_smsg: FULLq hd 150 == tl 150, completions stalled, polls=238000000
midway2-0085.rcc.local:UCM:b38c:e920c700: 1776909195 us(17562672 us!!!):  ucm_get_smsg: FULLq hd 150 == tl 150, completions stalled, polls=239000000
midway2-0085.rcc.local:UCM:b38c:e920c700: 1804244104 us(27334909 us!!!):  ucm_get_smsg: FULLq hd 150 == tl 150, completions stalled, polls=240000000
midway2-0085.rcc.local:UCM:b38c:e920c700: 1821810772 us(17566668 us!!!):  ucm_get_smsg: FULLq hd 150 == tl 150, completions stalled, polls=241000000
midway2-0085.rcc.local:UCM:b38c:e920c700: 1843109638 us(21298866 us!!!):  ucm_get_smsg: FULLq hd 150 == tl 150, completions stalled, polls=242000000
midway2-0085.rcc.local:UCM:b38c:e920c700: 1862600272 us(19490634 us!!!):  ucm_get_smsg: FULLq hd 150 == tl 150, completions stalled, polls=243000000
midway2-0085.rcc.local:UCM:b38c:e920c700: 1886006985 us(23406713 us!!!):  ucm_get_smsg: FULLq hd 150 == tl 150, completions stalled, polls=244000000
midway2-0085.rcc.local:UCM:b38c:e920c700: 1907481683 us(21474698 us!!!):  ucm_get_smsg: FULLq hd 150 == tl 150, completions stalled, polls=245000000
midway2-0085.rcc.local:UCM:b38c:e920c700: 1925074390 us(17592707 us!!!):  ucm_get_smsg: FULLq hd 150 == tl 150, completions stalled, polls=246000000
midway2-0085.rcc.local:UCM:b38c:e920c700: 1946543082 us(21468692 us!!!):  ucm_get_smsg: FULLq hd 150 == tl 150, completions stalled, polls=247000000
midway2-0085.rcc.local:UCM:b38c:e920c700: 1966023710 us(19480628 us!!!):  ucm_get_smsg: FULLq hd 150 == tl 150, completions stalled, polls=248000000
midway2-0085.rcc.local:UCM:b38c:e920c700: 1985578409 us(19554699 us!!!):  ucm_get_smsg: FULLq hd 150 == tl 150, completions stalled, polls=249000000
midway2-0085.rcc.local:UCM:b38c:e920c700: 2007027090 us(21448681 us!!!):  ucm_get_smsg: FULLq hd 150 == tl 150, completions stalled, polls=250000000
midway2-0085.rcc.local:UCM:b38c:e920c700: 2028461759 us(21434669 us!!!):  ucm_get_smsg: FULLq hd 150 == tl 150, completions stalled, polls=251000000
midway2-0085.rcc.local:UCM:b38c:e920c700: 2047922430 us(19460671 us!!!):  ucm_get_smsg: FULLq hd 150 == tl 150, completions stalled, polls=252000000
midway2-0085.rcc.local:UCM:b38c:e920c700: 2067483126 us(19560696 us!!!):  ucm_get_smsg: FULLq hd 150 == tl 150, completions stalled, polls=253000000
midway2-0085.rcc.local:UCM:b38c:e920c700: 2088935749 us(21452623 us!!!):  ucm_get_smsg: FULLq hd 150 == tl 150, completions stalled, polls=254000000
midway2-0085.rcc.local:UCM:b38c:e920c700: 2109191636 us(20255887 us!!!):  ucm_get_smsg: FULLq hd 150 == tl 150, completions stalled, polls=255000000
midway2-0085.rcc.local:UCM:b38c:e920c700: 2126758362 us(17566726 us!!!):  ucm_get_smsg: FULLq hd 150 == tl 150, completions stalled, polls=256000000
midway2-0085.rcc.local:UCM:b38c:e920c700: 2146229046 us(19470684 us!!!):  ucm_get_smsg: FULLq hd 150 == tl 150, completions stalled, polls=257000000
midway2-0085.rcc.local:UCM:b38c:e920c700: -2127253592 us(21484658 us!!!):  ucm_get_smsg: FULLq hd 150 == tl 150, completions stalled, polls=258000000
midway2-0085.rcc.local:UCM:b38c:e920c700: -2109686969 us(17566623 us!!!):  ucm_get_smsg: FULLq hd 150 == tl 150, completions stalled, polls=259000000
midway2-0085.rcc.local:UCM:b38c:e920c700: -2086280304 us(23406665 us!!!):  ucm_get_smsg: FULLq hd 150 == tl 150, completions stalled, polls=260000000
midway2-0085.rcc.local:UCM:b38c:e920c700: -2066749676 us(19530628 us!!!):  ucm_get_smsg: FULLq hd 150 == tl 150, completions stalled, polls=261000000
midway2-0085.rcc.local:UCM:b38c:e920c700: -2049207045 us(17542631 us!!!):  ucm_get_smsg: FULLq hd 150 == tl 150, completions stalled, polls=262000000
midway2-0085.rcc.local:UCM:b38c:e920c700: -2025794358 us(23412687 us!!!):  ucm_get_smsg: FULLq hd 150 == tl 150, completions stalled, polls=263000000
midway2-0085.rcc.local:UCM:b38c:e920c700: -2004325687 us(21468671 us!!!):  ucm_get_smsg: FULLq hd 150 == tl 150, completions stalled, polls=264000000
midway2-0085.rcc.local:UCM:b38c:e920c700: -1986769016 us(17556671 us!!!):  ucm_get_smsg: FULLq hd 150 == tl 150, completions stalled, polls=265000000
midway2-0085.rcc.local:UCM:b38c:e920c700: -1967272366 us(19496650 us!!!):  ucm_get_smsg: FULLq hd 150 == tl 150, completions stalled, polls=266000000
midway2-0085.rcc.local:UCM:b38c:e920c700: -1943855705 us(23416661 us!!!):  ucm_get_smsg: FULLq hd 150 == tl 150, completions stalled, polls=267000000
midway2-0085.rcc.local:UCM:b38c:e920c700: -1926283028 us(17572677 us!!!):  ucm_get_smsg: FULLq hd 150 == tl 150, completions stalled, polls=268000000
midway2-0085.rcc.local:UCM:b38c:e920c700: -1904880349 us(21402679 us!!!):  ucm_get_smsg: FULLq hd 150 == tl 150, completions stalled, polls=269000000
midway2-0085.rcc.local:UCM:b38c:e920c700: -1883421699 us(21458650 us!!!):  ucm_get_smsg: FULLq hd 150 == tl 150, completions stalled, polls=270000000
midway2-0085.rcc.local:UCM:b38c:e920c700: -1867767036 us(15654663 us!!!):  ucm_get_smsg: FULLq hd 150 == tl 150, completions stalled, polls=271000000
midway2-0085.rcc.local:UCM:b38c:e920c700: -1844330357 us(23436679 us!!!):  ucm_get_smsg: FULLq hd 150 == tl 150, completions stalled, polls=272000000
midway2-0085.rcc.local:UCM:b38c:e920c700: -1826787709 us(17542648 us!!!):  ucm_get_smsg: FULLq hd 150 == tl 150, completions stalled, polls=273000000
midway2-0085.rcc.local:UCM:b38c:e920c700: -1805313037 us(21474672 us!!!):  ucm_get_smsg: FULLq hd 150 == tl 150, completions stalled, polls=274000000
midway2-0085.rcc.local:UCM:b38c:e920c700: -1784893368 us(20419669 us!!!):  ucm_get_smsg: FULLq hd 150 == tl 150, completions stalled, polls=275000000
midway2-0085.rcc.local:UCM:b38c:e920c700: -1765388707 us(19504661 us!!!):  ucm_get_smsg: FULLq hd 150 == tl 150, completions stalled, polls=276000000
midway2-0085.rcc.local:UCM:b38c:e920c700: -1745862047 us(19526660 us!!!):  ucm_get_smsg: FULLq hd 150 == tl 150, completions stalled, polls=277000000
midway2-0085.rcc.local:UCM:b38c:e920c700: -1726387370 us(19474677 us!!!):  ucm_get_smsg: FULLq hd 150 == tl 150, completions stalled, polls=278000000
midway2-0085.rcc.local:UCM:b38c:e920c700: -1699058457 us(27328913 us!!!):  ucm_get_smsg: FULLq hd 150 == tl 150, completions stalled, polls=279000000
midway2-0085.rcc.local:UCM:b38c:e920c700: -1677578809 us(21479648 us!!!):  ucm_get_smsg: FULLq hd 150 == tl 150, completions stalled, polls=280000000
midway2-0085.rcc.local:UCM:b38c:e920c700: -1659018166 us(18560643 us!!!):  ucm_get_smsg: FULLq hd 150 == tl 150, completions stalled, polls=281000000
midway2-0085.rcc.local:UCM:b38c:e920c700: -1635611511 us(23406655 us!!!):  ucm_get_smsg: FULLq hd 150 == tl 150, completions stalled, polls=282000000
midway2-0085.rcc.local:UCM:b38c:e920c700: -1618028847 us(17582664 us!!!):  ucm_get_smsg: FULLq hd 150 == tl 150, completions stalled, polls=283000000
midway2-0085.rcc.local:UCM:b38c:e920c700: -1596594162 us(21434685 us!!!):  ucm_get_smsg: FULLq hd 150 == tl 150, completions stalled, polls=284000000
midway2-0085.rcc.local:UCM:b38c:e920c700: -1579007480 us(17586682 us!!!):  ucm_get_smsg: FULLq hd 150 == tl 150, completions stalled, polls=285000000
midway2-0085.rcc.local:UCM:b38c:e920c700: -1555550771 us(23456709 us!!!):  ucm_get_smsg: FULLq hd 150 == tl 150, completions stalled, polls=286000000
midway2-0085.rcc.local:UCM:b38c:e920c700: -1537968078 us(17582693 us!!!):  ucm_get_smsg: FULLq hd 150 == tl 150, completions stalled, polls=287000000
midway2-0085.rcc.local:UCM:b38c:e920c700: -1519526447 us(18441631 us!!!):  ucm_get_smsg: FULLq hd 150 == tl 150, completions stalled, polls=288000000
midway2-0085.rcc.local:UCM:b38c:e920c700: -1498011764 us(21514683 us!!!):  ucm_get_smsg: FULLq hd 150 == tl 150, completions stalled, polls=289000000
midway2-0085.rcc.local:UCM:b38c:e920c700: -1474589053 us(23422711 us!!!):  ucm_get_smsg: FULLq hd 150 == tl 150, completions stalled, polls=290000000
midway2-0085.rcc.local:UCM:b38c:e920c700: -1455104346 us(19484707 us!!!):  ucm_get_smsg: FULLq hd 150 == tl 150, completions stalled, polls=291000000
midway2-0085.rcc.local:UCM:b38c:e920c700: -1437517652 us(17586694 us!!!):  ucm_get_smsg: FULLq hd 150 == tl 150, completions stalled, polls=292000000
midway2-0085.rcc.local:UCM:b38c:e920c700: -1414140953 us(23376699 us!!!):  ucm_get_smsg: FULLq hd 150 == tl 150, completions stalled, polls=293000000
midway2-0085.rcc.local:UCM:b38c:e920c700: -1394595254 us(19545699 us!!!):  ucm_get_smsg: FULLq hd 150 == tl 150, completions stalled, polls=294000000
midway2-0085.rcc.local:UCM:b38c:e920c700: -1375119552 us(19475702 us!!!):  ucm_get_smsg: FULLq hd 150 == tl 150, completions stalled, polls=295000000
midway2-0085.rcc.local:UCM:b38c:e920c700: -1357576938 us(17542614 us!!!):  ucm_get_smsg: FULLq hd 150 == tl 150, completions stalled, polls=296000000
midway2-0085.rcc.local:UCM:b38c:e920c700: -1335383054 us(22193884 us!!!):  ucm_get_smsg: FULLq hd 150 == tl 150, completions stalled, polls=297000000
midway2-0085.rcc.local:UCM:b38c:e920c700: -1315888375 us(19494679 us!!!):  ucm_get_smsg: FULLq hd 150 == tl 150, completions stalled, polls=298000000
midway2-0085.rcc.local:UCM:b38c:e920c700: -1294383682 us(21504693 us!!!):  ucm_get_smsg: FULLq hd 150 == tl 150, completions stalled, polls=299000000
midway2-0085.rcc.local:UCM:b38c:e920c700: -1276857031 us(17526651 us!!!):  ucm_get_smsg: FULLq hd 150 == tl 150, completions stalled, polls=300000000
