Sun Aug 15 22:59:57 CDT 2021
updating
4 pole features not found in sample features
midway2-0113.rcc.local:UCM:baf0:ab4d1700: 1888618570 us(1888618570 us!!!):  ucm_recv: UNKNOWN msg 0x11e8168, ver 0
midway2-0113.rcc.local:UCM:baf0:ab4d1700: 1890427479 us(1808909 us!!!):  ucm_recv: UNKNOWN msg 0x11e8268, ver 0
midway2-0113.rcc.local:UCM:baf1:b2a1d700: 1890437716 us(1890437716 us!!!):  ucm_recv: UNKNOWN msg 0x1c52c68, ver 0
midway2-0113.rcc.local:UCM:baf0:ab4d1700: 1890627651 us(200172 us):  ucm_recv: UNKNOWN msg 0x11e8368, ver 0
midway2-0113.rcc.local:UCM:baf2:ac02700: 1890694358 us(1890694358 us!!!):  ucm_recv: UNKNOWN msg 0x2422f68, ver 0
midway2-0113.rcc.local:UCM:baf1:b2a1d700: 1891303295 us(865579 us!!!):  ucm_recv: UNKNOWN msg 0x1c52d68, ver 0
midway2-0113.rcc.local:UCM:baf2:ac02700: 1891495206 us(800848 us!!!):  ucm_recv: UNKNOWN msg 0x2423068, ver 0
midway2-0113.rcc.local:UCM:baf3:ef7a8700: 1891547147 us(1891547147 us!!!):  ucm_recv: UNKNOWN msg 0x209fa68, ver 0
midway2-0113.rcc.local:UCM:baf0:ab4d1700: 1891942868 us(1315217 us!!!):  ucm_recv: UNKNOWN msg 0x11e8468, ver 0
midway2-0113.rcc.local:UCM:baf1:b2a1d700: 1892153324 us(850029 us!!!):  ucm_recv: UNKNOWN msg 0x1c52e68, ver 0
midway2-0113.rcc.local:UCM:baf2:ac02700: 1892345230 us(850024 us!!!):  ucm_recv: UNKNOWN msg 0x2423168, ver 0
midway2-0113.rcc.local:UCM:baf3:ef7a8700: 1892347998 us(800851 us!!!):  ucm_recv: UNKNOWN msg 0x209fb68, ver 0
midway2-0113.rcc.local:UCM:baf3:ef7a8700: 1893148678 us(800680 us!!!):  ucm_recv: UNKNOWN msg 0x209fc68, ver 0
midway2-0113.rcc.local:UCM:baf1:b2a1d700: 1893754781 us(1601457 us!!!):  ucm_recv: UNKNOWN msg 0x1c52f68, ver 0
midway2-0113.rcc.local:UCM:baf2:ac02700: 1893946672 us(1601442 us!!!):  ucm_recv: UNKNOWN msg 0x2423268, ver 0
midway2-0113.rcc.local:UCM:baf4:f0700700: 1894525268 us(1894525268 us!!!):  ucm_recv: UNKNOWN msg 0x1607c68, ver 0
midway2-0113.rcc.local:UCM:baf3:ef7a8700: 1894873556 us(1724878 us!!!):  ucm_recv: UNKNOWN msg 0x209fd68, ver 0
midway2-0113.rcc.local:UCM:baf0:ab4d1700: 1895069110 us(3126242 us!!!):  ucm_recv: UNKNOWN msg 0x11e8568, ver 0
midway2-0113.rcc.local:UCM:baf4:f0700700: 1895326084 us(800816 us!!!):  ucm_recv: UNKNOWN msg 0x1607d68, ver 0
midway2-0113.rcc.local:UCM:baf4:f0700700: 1896126786 us(800702 us!!!):  ucm_recv: UNKNOWN msg 0x1607e68, ver 0
midway2-0113.rcc.local:UCM:baf5:fd171700: 1896514626 us(1896514626 us!!!):  ucm_recv: UNKNOWN msg 0x1368a68, ver 0
midway2-0113.rcc.local:UCM:baf1:b2a1d700: 1896923076 us(3168295 us!!!):  ucm_recv: UNKNOWN msg 0x1c53068, ver 0
midway2-0113.rcc.local:UCM:baf2:ac02700: 1897114978 us(3168306 us!!!):  ucm_recv: UNKNOWN msg 0x2423368, ver 0
midway2-0113.rcc.local:UCM:baf5:fd171700: 1897315520 us(800894 us!!!):  ucm_recv: UNKNOWN msg 0x1368b68, ver 0
midway2-0113.rcc.local:UCM:baf4:f0700700: 1897770412 us(1643626 us!!!):  ucm_recv: UNKNOWN msg 0x1607f68, ver 0
midway2-0113.rcc.local:UCM:baf3:ef7a8700: 1898118719 us(3245163 us!!!):  ucm_recv: UNKNOWN msg 0x209fe68, ver 0
midway2-0113.rcc.local:UCM:baf5:fd171700: 1898116242 us(800722 us!!!):  ucm_recv: UNKNOWN msg 0x1368c68, ver 0
midway2-0113.rcc.local:UCM:baf6:af93a700: 1898421216 us(1898421216 us!!!):  ucm_recv: UNKNOWN msg 0x113fc68, ver 0
midway2-0113.rcc.local:UCM:baf6:af93a700: 1899222078 us(800862 us!!!):  ucm_recv: UNKNOWN msg 0x113fd68, ver 0
midway2-0113.rcc.local:UCM:baf5:fd171700: 1899816032 us(1699790 us!!!):  ucm_recv: UNKNOWN msg 0x1368d68, ver 0
midway2-0113.rcc.local:UCM:baf7:12a4e700: 1899837509 us(1899837509 us!!!):  ucm_recv: UNKNOWN msg 0x1a19868, ver 0
midway2-0113.rcc.local:UCM:baf6:af93a700: 1900041346 us(819268 us!!!):  ucm_recv: UNKNOWN msg 0x113fe68, ver 0
midway2-0113.rcc.local:UCM:baf7:12a4e700: 1900638321 us(800812 us!!!):  ucm_recv: UNKNOWN msg 0x1a19968, ver 0
midway2-0113.rcc.local:UCM:baf8:6845f700: 1900810618 us(1900810618 us!!!):  ucm_recv: UNKNOWN msg 0x23dba68, ver 0
midway2-0113.rcc.local:UCM:baf4:f0700700: 1901059478 us(3289066 us!!!):  ucm_recv: UNKNOWN msg 0x1608068, ver 0
midway2-0113.rcc.local:UCM:baf9:2c57a700: 1901305954 us(1901305954 us!!!):  ucm_recv: UNKNOWN msg 0x23bd868, ver 0
midway2-0113.rcc.local:UCM:baf0:ab4d1700: 1901502636 us(6433526 us!!!):  ucm_recv: UNKNOWN msg 0x11e8668, ver 0
midway2-0113.rcc.local:UCM:baf7:12a4e700: 1901507684 us(869363 us!!!):  ucm_recv: UNKNOWN msg 0x1a19a68, ver 0
midway2-0113.rcc.local:UCM:baf6:af93a700: 1901711662 us(1670316 us!!!):  ucm_recv: UNKNOWN msg 0x113ff68, ver 0
midway2-0113.rcc.local:UCM:baf8:6845f700: 1901711103 us(900485 us!!!):  ucm_recv: UNKNOWN msg 0x23dbb68, ver 0
midway2-0113.rcc.local:UCM:bafa:63bec700: 1901720380 us(1901720380 us!!!):  ucm_recv: UNKNOWN msg 0x1c92a68, ver 0
midway2-0113.rcc.local:UCM:bafb:63247700: 1902090516 us(1902090516 us!!!):  ucm_recv: UNKNOWN msg 0x1b98968, ver 0
midway2-0113.rcc.local:UCM:baf9:2c57a700: 1902266135 us(960181 us!!!):  ucm_recv: UNKNOWN msg 0x23bd968, ver 0
midway2-0113.rcc.local:UCM:baf8:6845f700: 1902470978 us(759875 us!!!):  ucm_recv: UNKNOWN msg 0x23dbc68, ver 0
midway2-0113.rcc.local:UCM:bafc:d9d04700: 1902475253 us(1902475253 us!!!):  ucm_recv: UNKNOWN msg 0x1045b68, ver 0
midway2-0113.rcc.local:UCM:bafa:63bec700: 1902670541 us(950161 us!!!):  ucm_recv: UNKNOWN msg 0x1c92b68, ver 0
midway2-0113.rcc.local:UCM:bafb:63247700: 1902896834 us(806318 us!!!):  ucm_recv: UNKNOWN msg 0x1b98a68, ver 0
midway2-0113.rcc.local:UCM:bafd:925fa700: 1902872283 us(1902872283 us!!!):  ucm_recv: UNKNOWN msg 0xd75968, ver 0
midway2-0113.rcc.local:UCM:baf5:fd171700: 1903074875 us(3258843 us!!!):  ucm_recv: UNKNOWN msg 0x1368e68, ver 0
midway2-0113.rcc.local:UCM:baf7:12a4e700: 1903077715 us(1570031 us!!!):  ucm_recv: UNKNOWN msg 0x1a19b68, ver 0
midway2-0113.rcc.local:UCM:baf9:2c57a700: 1903076145 us(810010 us!!!):  ucm_recv: UNKNOWN msg 0x23bda68, ver 0
midway2-0113.rcc.local:UCM:baf1:b2a1d700: 1903282987 us(6359911 us!!!):  ucm_recv: UNKNOWN msg 0x1c53168, ver 0
midway2-0113.rcc.local:UCM:bafc:d9d04700: 1903279579 us(804326 us!!!):  ucm_recv: UNKNOWN msg 0x1045c68, ver 0
midway2-0113.rcc.local:UCM:bafa:63bec700: 1903340345 us(669804 us!!!):  ucm_recv: UNKNOWN msg 0x1c92c68, ver 0
midway2-0113.rcc.local:UCM:bafe:750fe700: 1903339809 us(1903339809 us!!!):  ucm_recv: UNKNOWN msg 0x11e2b68, ver 0
midway2-0113.rcc.local:UCM:baf2:ac02700: 1903540571 us(6425593 us!!!):  ucm_recv: UNKNOWN msg 0x2423468, ver 0
midway2-0113.rcc.local:UCM:bafb:63247700: 1903766909 us(870075 us!!!):  ucm_recv: UNKNOWN msg 0x1b98b68, ver 0
midway2-0113.rcc.local:UCM:bafd:925fa700: 1903738694 us(866411 us!!!):  ucm_recv: UNKNOWN msg 0xd75a68, ver 0
midway2-0113.rcc.local:UCM:baff:43bd1700: 1903760718 us(1903760718 us!!!):  ucm_recv: UNKNOWN msg 0x1151768, ver 0
midway2-0113.rcc.local:UCM:baf8:6845f700: 1904166651 us(1695673 us!!!):  ucm_recv: UNKNOWN msg 0x23dbd68, ver 0
midway2-0113.rcc.local:UCM:bafc:d9d04700: 1904165225 us(885646 us!!!):  ucm_recv: UNKNOWN msg 0x1045d68, ver 0
midway2-0113.rcc.local:UCM:bafe:750fe700: 1904159807 us(819998 us!!!):  ucm_recv: UNKNOWN msg 0x11e2c68, ver 0
midway2-0113.rcc.local:UCM:bb00:473a2700: 1904161273 us(1904161273 us!!!):  ucm_recv: UNKNOWN msg 0xf9e768, ver 0
midway2-0113.rcc.local:UCM:baf3:ef7a8700: 1904363321 us(6244602 us!!!):  ucm_recv: UNKNOWN msg 0x209ff68, ver 0
midway2-0113.rcc.local:UCM:baf9:2c57a700: 1904562399 us(1486254 us!!!):  ucm_recv: UNKNOWN msg 0x23bdb68, ver 0
midway2-0113.rcc.local:UCM:bafd:925fa700: 1904558787 us(820093 us!!!):  ucm_recv: UNKNOWN msg 0xd75b68, ver 0
midway2-0113.rcc.local:UCM:baff:43bd1700: 1904561197 us(800479 us!!!):  ucm_recv: UNKNOWN msg 0x1151868, ver 0
midway2-0113.rcc.local:UCM:bb01:859f0700: 1904629351 us(1904629351 us!!!):  ucm_recv: UNKNOWN msg 0x1a97768, ver 0
midway2-0113.rcc.local:UCM:baf6:af93a700: 1904831389 us(3119727 us!!!):  ucm_recv: UNKNOWN msg 0x1140068, ver 0
midway2-0113.rcc.local:UCM:bafa:63bec700: 1905024773 us(1684428 us!!!):  ucm_recv: UNKNOWN msg 0x1c92d68, ver 0
midway2-0113.rcc.local:UCM:bafe:750fe700: 1905024241 us(864434 us!!!):  ucm_recv: UNKNOWN msg 0x11e2d68, ver 0
midway2-0113.rcc.local:UCM:bb00:473a2700: 1905025655 us(864382 us!!!):  ucm_recv: UNKNOWN msg 0xf9e868, ver 0
midway2-0113.rcc.local:UCM:bb02:80f97700: 1905111821 us(1905111821 us!!!):  ucm_recv: UNKNOWN msg 0x2399968, ver 0
midway2-0113.rcc.local:UCM:bafb:63247700: 1905340669 us(1573760 us!!!):  ucm_recv: UNKNOWN msg 0x1b98c68, ver 0
midway2-0113.rcc.local:UCM:baff:43bd1700: 1905515095 us(953898 us!!!):  ucm_recv: UNKNOWN msg 0x1151968, ver 0
midway2-0113.rcc.local:UCM:bb01:859f0700: 1905519711 us(890360 us!!!):  ucm_recv: UNKNOWN msg 0x1a97868, ver 0
midway2-0113.rcc.local:UCM:bafc:d9d04700: 1905719875 us(1554650 us!!!):  ucm_recv: UNKNOWN msg 0x1045e68, ver 0
midway2-0113.rcc.local:UCM:bb00:473a2700: 1905916049 us(890394 us!!!):  ucm_recv: UNKNOWN msg 0xf9e968, ver 0
midway2-0113.rcc.local:UCM:bb02:80f97700: 1905912638 us(800817 us!!!):  ucm_recv: UNKNOWN msg 0x2399a68, ver 0
midway2-0113.rcc.local:UCM:bafd:925fa700: 1906113224 us(1554437 us!!!):  ucm_recv: UNKNOWN msg 0xd75c68, ver 0
midway2-0113.rcc.local:UCM:bb03:20cc5700: 1906225763 us(1906225763 us!!!):  ucm_recv: UNKNOWN msg 0xbab868, ver 0
midway2-0113.rcc.local:UCM:baf7:12a4e700: 1906427694 us(3349979 us!!!):  ucm_recv: UNKNOWN msg 0x1a19c68, ver 0
midway2-0113.rcc.local:UCM:bb01:859f0700: 1906429542 us(909831 us!!!):  ucm_recv: UNKNOWN msg 0x1a97968, ver 0
midway2-0113.rcc.local:UCM:bafe:750fe700: 1906624149 us(1599908 us!!!):  ucm_recv: UNKNOWN msg 0x11e2e68, ver 0
midway2-0113.rcc.local:UCM:bb04:27a5d700: 1906679157 us(1906679157 us!!!):  ucm_recv: UNKNOWN msg 0x23cfc68, ver 0
midway2-0113.rcc.local:UCM:bb02:80f97700: 1906877955 us(965317 us!!!):  ucm_recv: UNKNOWN msg 0x2399b68, ver 0
midway2-0113.rcc.local:UCM:baff:43bd1700: 1907081149 us(1566054 us!!!):  ucm_recv: UNKNOWN msg 0x1151a68, ver 0
midway2-0113.rcc.local:UCM:bb03:20cc5700: 1907082200 us(856437 us!!!):  ucm_recv: UNKNOWN msg 0xbab968, ver 0
midway2-0113.rcc.local:UCM:bb05:c9162700: 1907170157 us(1907170157 us!!!):  ucm_recv: UNKNOWN msg 0x118a868, ver 0
midway2-0113.rcc.local:UCM:bb00:473a2700: 1907371361 us(1455312 us!!!):  ucm_recv: UNKNOWN msg 0xf9ea68, ver 0
midway2-0113.rcc.local:UCM:baf4:f0700700: 1907425463 us(6365985 us!!!):  ucm_recv: UNKNOWN msg 0x1608168, ver 0
midway2-0113.rcc.local:UCM:baf8:6845f700: 1907376833 us(3210182 us!!!):  ucm_recv: UNKNOWN msg 0x23dbe68, ver 0
midway2-0113.rcc.local:UCM:bb04:27a5d700: 1907553135 us(873978 us!!!):  ucm_recv: UNKNOWN msg 0x23cfd68, ver 0
midway2-0113.rcc.local:UCM:bb06:46ce5700: 1907552751 us(1907552751 us!!!):  ucm_recv: UNKNOWN msg 0x114dc68, ver 0
midway2-0113.rcc.local:UCM:baf9:2c57a700: 1907756107 us(3193708 us!!!):  ucm_recv: UNKNOWN msg 0x23bdc68, ver 0
midway2-0113.rcc.local:UCM:bb01:859f0700: 1907915324 us(1485782 us!!!):  ucm_recv: UNKNOWN msg 0x1a97a68, ver 0
midway2-0113.rcc.local:UCM:bb03:20cc5700: 1907911760 us(829560 us!!!):  ucm_recv: UNKNOWN msg 0xbaba68, ver 0
midway2-0113.rcc.local:UCM:bb07:9ef37700: 1907908751 us(1907908751 us!!!):  ucm_recv: UNKNOWN msg 0x1ac4968, ver 0
midway2-0113.rcc.local:UCM:bb05:c9162700: 1908110336 us(940179 us!!!):  ucm_recv: UNKNOWN msg 0x118a968, ver 0
midway2-0113.rcc.local:UCM:bafa:63bec700: 1908304270 us(3279497 us!!!):  ucm_recv: UNKNOWN msg 0x1c92e68, ver 0
midway2-0113.rcc.local:UCM:bb04:27a5d700: 1908303030 us(749895 us!!!):  ucm_recv: UNKNOWN msg 0x23cfe68, ver 0
midway2-0113.rcc.local:UCM:bb08:fa9ad700: 1908305315 us(1908305315 us!!!):  ucm_recv: UNKNOWN msg 0x21b5c68, ver 0
midway2-0113.rcc.local:UCM:bafb:63247700: 1908530671 us(3190002 us!!!):  ucm_recv: UNKNOWN msg 0x1b98d68, ver 0
midway2-0113.rcc.local:UCM:bb02:80f97700: 1908501994 us(1624039 us!!!):  ucm_recv: UNKNOWN msg 0x2399c68, ver 0
midway2-0113.rcc.local:UCM:bb06:46ce5700: 1908502895 us(950144 us!!!):  ucm_recv: UNKNOWN msg 0x114dd68, ver 0
midway2-0113.rcc.local:UCM:bb07:9ef37700: 1908728747 us(819996 us!!!):  ucm_recv: UNKNOWN msg 0x1ac4a68, ver 0
midway2-0113.rcc.local:UCM:bb09:2b58a700: 1908730587 us(1908730587 us!!!):  ucm_recv: UNKNOWN msg 0x250ca68, ver 0
midway2-0113.rcc.local:UCM:bafc:d9d04700: 1908935427 us(3215552 us!!!):  ucm_recv: UNKNOWN msg 0x1045f68, ver 0
midway2-0113.rcc.local:UCM:bb05:c9162700: 1908930358 us(820022 us!!!):  ucm_recv: UNKNOWN msg 0x118aa68, ver 0
midway2-0113.rcc.local:UCM:bb08:fa9ad700: 1909131706 us(826391 us!!!):  ucm_recv: UNKNOWN msg 0x21b5d68, ver 0
midway2-0113.rcc.local:UCM:bb06:46ce5700: 1909168659 us(665764 us!!!):  ucm_recv: UNKNOWN msg 0x114de68, ver 0
midway2-0113.rcc.local:UCM:bb0a:f14bb700: 1909173394 us(1909173394 us!!!):  ucm_recv: UNKNOWN msg 0x1272e68, ver 0
midway2-0113.rcc.local:UCM:baf5:fd171700: 1909370775 us(6295900 us!!!):  ucm_recv: UNKNOWN msg 0x1368f68, ver 0
midway2-0113.rcc.local:UCM:bafd:925fa700: 1909368474 us(3255250 us!!!):  ucm_recv: UNKNOWN msg 0xd75d68, ver 0
midway2-0113.rcc.local:UCM:bb03:20cc5700: 1909572109 us(1660349 us!!!):  ucm_recv: UNKNOWN msg 0xbabb68, ver 0
midway2-0113.rcc.local:UCM:bb07:9ef37700: 1909569101 us(840354 us!!!):  ucm_recv: UNKNOWN msg 0x1ac4b68, ver 0
midway2-0113.rcc.local:UCM:bb09:2b58a700: 1909570909 us(840322 us!!!):  ucm_recv: UNKNOWN msg 0x250cb68, ver 0
midway2-0140.rcc.local:UCM:3c1d:cc11f700: 1909588059 us(1909588059 us!!!):  ucm_recv: UNKNOWN msg 0x14e7068, ver 0
midway2-0113.rcc.local:UCM:bafe:750fe700: 1909793966 us(3169817 us!!!):  ucm_recv: UNKNOWN msg 0x11e2f68, ver 0
midway2-0113.rcc.local:UCM:bb04:27a5d700: 1909979062 us(1676032 us!!!):  ucm_recv: UNKNOWN msg 0x23cff68, ver 0
midway2-0113.rcc.local:UCM:bb08:fa9ad700: 1909981272 us(849566 us!!!):  ucm_recv: UNKNOWN msg 0x21b5e68, ver 0
midway2-0113.rcc.local:UCM:bb0a:f14bb700: 1909983350 us(809956 us!!!):  ucm_recv: UNKNOWN msg 0x1272f68, ver 0
midway2-0140.rcc.local:UCM:3c1e:e4c14700: 1909981589 us(1909981589 us!!!):  ucm_recv: UNKNOWN msg 0x180fc68, ver 0
midway2-0113.rcc.local:UCM:baff:43bd1700: 1910180933 us(3099784 us!!!):  ucm_recv: UNKNOWN msg 0x1151b68, ver 0
midway2-0113.rcc.local:UCM:bb05:c9162700: 1910380622 us(1450264 us!!!):  ucm_recv: UNKNOWN msg 0x118ab68, ver 0
midway2-0113.rcc.local:UCM:bb09:2b58a700: 1910381010 us(810101 us!!!):  ucm_recv: UNKNOWN msg 0x250cc68, ver 0
midway2-0140.rcc.local:UCM:3c1d:cc11f700: 1910404022 us(815963 us!!!):  ucm_recv: UNKNOWN msg 0x14e7168, ver 0
midway2-0140.rcc.local:UCM:3c1f:7aae4700: 1910403656 us(1910403656 us!!!):  ucm_recv: UNKNOWN msg 0x1662e68, ver 0
midway2-0113.rcc.local:UCM:bb00:473a2700: 1910611402 us(3240041 us!!!):  ucm_recv: UNKNOWN msg 0xf9eb68, ver 0
midway2-0140.rcc.local:UCM:3c1e:e4c14700: 1910795509 us(813920 us!!!):  ucm_recv: UNKNOWN msg 0x180fd68, ver 0
midway2-0140.rcc.local:UCM:3c20:fbf99700: 1910809445 us(1910809445 us!!!):  ucm_recv: UNKNOWN msg 0xf79a68, ver 0
midway2-0113.rcc.local:UCM:bb06:46ce5700: 1910792699 us(1624040 us!!!):  ucm_recv: UNKNOWN msg 0x114df68, ver 0
midway2-0113.rcc.local:UCM:bb0a:f14bb700: 1910797411 us(814061 us!!!):  ucm_recv: UNKNOWN msg 0x1273068, ver 0
midway2-0140.rcc.local:UCM:3c1d:cc11f700: 1911188475 us(784453 us!!!):  ucm_recv: UNKNOWN msg 0x14e7268, ver 0
midway2-0113.rcc.local:UCM:bb01:859f0700: 1911199702 us(3284378 us!!!):  ucm_recv: UNKNOWN msg 0x1a97b68, ver 0
midway2-0113.rcc.local:UCM:bb07:9ef37700: 1911193131 us(1624030 us!!!):  ucm_recv: UNKNOWN msg 0x1ac4c68, ver 0
midway2-0140.rcc.local:UCM:3c1f:7aae4700: 1911227540 us(823884 us!!!):  ucm_recv: UNKNOWN msg 0x1662f68, ver 0
midway2-0140.rcc.local:UCM:3c21:cca79700: 1911238528 us(1911238528 us!!!):  ucm_recv: UNKNOWN msg 0x1b5fc68, ver 0
midway2-0113.rcc.local:UCM:baf6:af93a700: 1911241212 us(6409823 us!!!):  ucm_recv: UNKNOWN msg 0x1140168, ver 0
midway2-0140.rcc.local:UCM:3c1e:e4c14700: 1911621513 us(826004 us!!!):  ucm_recv: UNKNOWN msg 0x180fe68, ver 0
midway2-0140.rcc.local:UCM:3c20:fbf99700: 1911635419 us(825974 us!!!):  ucm_recv: UNKNOWN msg 0xf79b68, ver 0
midway2-0113.rcc.local:UCM:bb02:80f97700: 1911617807 us(3115813 us!!!):  ucm_recv: UNKNOWN msg 0x2399d68, ver 0
midway2-0113.rcc.local:UCM:bb08:fa9ad700: 1911621344 us(1640072 us!!!):  ucm_recv: UNKNOWN msg 0x21b5f68, ver 0
midway2-0062.rcc.local:UCM:82b2:5cda1700: 1962404544 us(1962404544 us!!!):  ucm_get_smsg: FULLq hd 100 == tl 100, completions stalled, polls=1000000
midway2-0062.rcc.local:UCM:82b2:5cda1700: 1985781262 us(23376718 us!!!):  ucm_get_smsg: FULLq hd 100 == tl 100, completions stalled, polls=2000000
midway2-0062.rcc.local:UCM:82b2:5cda1700: 2005271927 us(19490665 us!!!):  ucm_get_smsg: FULLq hd 100 == tl 100, completions stalled, polls=3000000
midway2-0062.rcc.local:UCM:82b2:5cda1700: 2026706581 us(21434654 us!!!):  ucm_get_smsg: FULLq hd 100 == tl 100, completions stalled, polls=4000000
midway2-0062.rcc.local:UCM:82b2:5cda1700: 2046247230 us(19540649 us!!!):  ucm_get_smsg: FULLq hd 100 == tl 100, completions stalled, polls=5000000
midway2-0062.rcc.local:UCM:82b2:5cda1700: 2065697875 us(19450645 us!!!):  ucm_get_smsg: FULLq hd 100 == tl 100, completions stalled, polls=6000000
midway2-0062.rcc.local:UCM:82b2:5cda1700: 2083224564 us(17526689 us!!!):  ucm_get_smsg: FULLq hd 100 == tl 100, completions stalled, polls=7000000
midway2-0062.rcc.local:UCM:82b2:5cda1700: 2106611232 us(23386668 us!!!):  ucm_get_smsg: FULLq hd 100 == tl 100, completions stalled, polls=8000000
midway2-0062.rcc.local:UCM:82b2:5cda1700: 2126131903 us(19520671 us!!!):  ucm_get_smsg: FULLq hd 100 == tl 100, completions stalled, polls=9000000
midway2-0062.rcc.local:UCM:82b2:5cda1700: 2143694562 us(17562659 us!!!):  ucm_get_smsg: FULLq hd 100 == tl 100, completions stalled, polls=10000000
midway2-0062.rcc.local:UCM:82b2:5cda1700: -2127067089 us(24205645 us!!!):  ucm_get_smsg: FULLq hd 100 == tl 100, completions stalled, polls=11000000
midway2-0062.rcc.local:UCM:82b2:5cda1700: -2109528404 us(17538685 us!!!):  ucm_get_smsg: FULLq hd 100 == tl 100, completions stalled, polls=12000000
midway2-0062.rcc.local:UCM:82b2:5cda1700: -2089993708 us(19534696 us!!!):  ucm_get_smsg: FULLq hd 100 == tl 100, completions stalled, polls=13000000
midway2-0062.rcc.local:UCM:82b2:5cda1700: -2068589037 us(21404671 us!!!):  ucm_get_smsg: FULLq hd 100 == tl 100, completions stalled, polls=14000000
midway2-0062.rcc.local:UCM:82b2:5cda1700: -2049108377 us(19480660 us!!!):  ucm_get_smsg: FULLq hd 100 == tl 100, completions stalled, polls=15000000
midway2-0062.rcc.local:UCM:82b2:5cda1700: -2029603663 us(19504714 us!!!):  ucm_get_smsg: FULLq hd 100 == tl 100, completions stalled, polls=16000000
midway2-0062.rcc.local:UCM:82b2:5cda1700: -2006216993 us(23386670 us!!!):  ucm_get_smsg: FULLq hd 100 == tl 100, completions stalled, polls=17000000
midway2-0062.rcc.local:UCM:82b2:5cda1700: -1986716337 us(19500656 us!!!):  ucm_get_smsg: FULLq hd 100 == tl 100, completions stalled, polls=18000000
midway2-0062.rcc.local:UCM:82b2:5cda1700: -1967199669 us(19516668 us!!!):  ucm_get_smsg: FULLq hd 100 == tl 100, completions stalled, polls=19000000
midway2-0062.rcc.local:UCM:82b2:5cda1700: -1947764974 us(19434695 us!!!):  ucm_get_smsg: FULLq hd 100 == tl 100, completions stalled, polls=20000000
midway2-0062.rcc.local:UCM:82b2:5cda1700: -1928304314 us(19460660 us!!!):  ucm_get_smsg: FULLq hd 100 == tl 100, completions stalled, polls=21000000
midway2-0062.rcc.local:UCM:82b2:5cda1700: -1908747690 us(19556624 us!!!):  ucm_get_smsg: FULLq hd 100 == tl 100, completions stalled, polls=22000000
midway2-0062.rcc.local:UCM:82b2:5cda1700: -1885316979 us(23430711 us!!!):  ucm_get_smsg: FULLq hd 100 == tl 100, completions stalled, polls=23000000
midway2-0062.rcc.local:UCM:82b2:5cda1700: -1865850291 us(19466688 us!!!):  ucm_get_smsg: FULLq hd 100 == tl 100, completions stalled, polls=24000000
midway2-0062.rcc.local:UCM:82b2:5cda1700: -1848323620 us(17526671 us!!!):  ucm_get_smsg: FULLq hd 100 == tl 100, completions stalled, polls=25000000
midway2-0062.rcc.local:UCM:82b2:5cda1700: -1824880970 us(23442650 us!!!):  ucm_get_smsg: FULLq hd 100 == tl 100, completions stalled, polls=26000000
midway2-0062.rcc.local:UCM:82b2:5cda1700: -1805416277 us(19464693 us!!!):  ucm_get_smsg: FULLq hd 100 == tl 100, completions stalled, polls=27000000
midway2-0062.rcc.local:UCM:82b2:5cda1700: -1787823622 us(17592655 us!!!):  ucm_get_smsg: FULLq hd 100 == tl 100, completions stalled, polls=28000000
midway2-0062.rcc.local:UCM:82b2:5cda1700: -1766464925 us(21358697 us!!!):  ucm_get_smsg: FULLq hd 100 == tl 100, completions stalled, polls=29000000
midway2-0062.rcc.local:UCM:82b2:5cda1700: -1746974247 us(19490678 us!!!):  ucm_get_smsg: FULLq hd 100 == tl 100, completions stalled, polls=30000000
midway2-0062.rcc.local:UCM:82b2:5cda1700: -1727463574 us(19510673 us!!!):  ucm_get_smsg: FULLq hd 100 == tl 100, completions stalled, polls=31000000
midway2-0062.rcc.local:UCM:82b2:5cda1700: -1707952907 us(19510667 us!!!):  ucm_get_smsg: FULLq hd 100 == tl 100, completions stalled, polls=32000000
midway2-0062.rcc.local:UCM:82b2:5cda1700: -1684606236 us(23346671 us!!!):  ucm_get_smsg: FULLq hd 100 == tl 100, completions stalled, polls=33000000
midway2-0062.rcc.local:UCM:82b2:5cda1700: -1668991667 us(15614569 us!!!):  ucm_get_smsg: FULLq hd 100 == tl 100, completions stalled, polls=34000000
midway2-0062.rcc.local:UCM:82b2:5cda1700: -1647542972 us(21448695 us!!!):  ucm_get_smsg: FULLq hd 100 == tl 100, completions stalled, polls=35000000
midway2-0062.rcc.local:UCM:82b2:5cda1700: -1628072304 us(19470668 us!!!):  ucm_get_smsg: FULLq hd 100 == tl 100, completions stalled, polls=36000000
midway2-0062.rcc.local:UCM:82b2:5cda1700: -1608601629 us(19470675 us!!!):  ucm_get_smsg: FULLq hd 100 == tl 100, completions stalled, polls=37000000
midway2-0062.rcc.local:UCM:82b2:5cda1700: -1583260913 us(25340716 us!!!):  ucm_get_smsg: FULLq hd 100 == tl 100, completions stalled, polls=38000000
midway2-0062.rcc.local:UCM:82b2:5cda1700: -1563740193 us(19520720 us!!!):  ucm_get_smsg: FULLq hd 100 == tl 100, completions stalled, polls=39000000
midway2-0062.rcc.local:UCM:82b2:5cda1700: -1544279528 us(19460665 us!!!):  ucm_get_smsg: FULLq hd 100 == tl 100, completions stalled, polls=40000000
midway2-0062.rcc.local:UCM:82b2:5cda1700: -1526742851 us(17536677 us!!!):  ucm_get_smsg: FULLq hd 100 == tl 100, completions stalled, polls=41000000
midway2-0062.rcc.local:UCM:82b2:5cda1700: -1507242166 us(19500685 us!!!):  ucm_get_smsg: FULLq hd 100 == tl 100, completions stalled, polls=42000000
midway2-0062.rcc.local:UCM:82b2:5cda1700: -1485813498 us(21428668 us!!!):  ucm_get_smsg: FULLq hd 100 == tl 100, completions stalled, polls=43000000
midway2-0062.rcc.local:UCM:82b2:5cda1700: -1466352804 us(19460694 us!!!):  ucm_get_smsg: FULLq hd 100 == tl 100, completions stalled, polls=44000000
midway2-0062.rcc.local:UCM:82b2:5cda1700: -1444914154 us(21438650 us!!!):  ucm_get_smsg: FULLq hd 100 == tl 100, completions stalled, polls=45000000
midway2-0062.rcc.local:UCM:82b2:5cda1700: -1423429466 us(21484688 us!!!):  ucm_get_smsg: FULLq hd 100 == tl 100, completions stalled, polls=46000000
midway2-0062.rcc.local:UCM:82b2:5cda1700: -1405932773 us(17496693 us!!!):  ucm_get_smsg: FULLq hd 100 == tl 100, completions stalled, polls=47000000
midway2-0062.rcc.local:UCM:82b2:5cda1700: -1382576070 us(23356703 us!!!):  ucm_get_smsg: FULLq hd 100 == tl 100, completions stalled, polls=48000000
midway2-0062.rcc.local:UCM:82b2:5cda1700: -1363099379 us(19476691 us!!!):  ucm_get_smsg: FULLq hd 100 == tl 100, completions stalled, polls=49000000
midway2-0062.rcc.local:UCM:82b2:5cda1700: -1342675686 us(20423693 us!!!):  ucm_get_smsg: FULLq hd 100 == tl 100, completions stalled, polls=50000000
midway2-0062.rcc.local:UCM:82b2:5cda1700: -1321241024 us(21434662 us!!!):  ucm_get_smsg: FULLq hd 100 == tl 100, completions stalled, polls=51000000
midway2-0062.rcc.local:UCM:82b2:5cda1700: -1303678304 us(17562720 us!!!):  ucm_get_smsg: FULLq hd 100 == tl 100, completions stalled, polls=52000000
midway2-0062.rcc.local:UCM:82b2:5cda1700: -1283224612 us(20453692 us!!!):  ucm_get_smsg: FULLq hd 100 == tl 100, completions stalled, polls=53000000
midway2-0062.rcc.local:UCM:82b2:5cda1700: -1263737956 us(19486656 us!!!):  ucm_get_smsg: FULLq hd 100 == tl 100, completions stalled, polls=54000000
midway2-0062.rcc.local:UCM:82b2:5cda1700: -1242289270 us(21448686 us!!!):  ucm_get_smsg: FULLq hd 100 == tl 100, completions stalled, polls=55000000
midway2-0062.rcc.local:UCM:82b2:5cda1700: -1220886635 us(21402635 us!!!):  ucm_get_smsg: FULLq hd 100 == tl 100, completions stalled, polls=56000000
midway2-0062.rcc.local:UCM:82b2:5cda1700: -1203313973 us(17572662 us!!!):  ucm_get_smsg: FULLq hd 100 == tl 100, completions stalled, polls=57000000
midway2-0062.rcc.local:UCM:82b2:5cda1700: -1179931286 us(23382687 us!!!):  ucm_get_smsg: FULLq hd 100 == tl 100, completions stalled, polls=58000000
midway2-0062.rcc.local:UCM:82b2:5cda1700: -1160466591 us(19464695 us!!!):  ucm_get_smsg: FULLq hd 100 == tl 100, completions stalled, polls=59000000
midway2-0062.rcc.local:UCM:82b2:5cda1700: -1140989870 us(19476721 us!!!):  ucm_get_smsg: FULLq hd 100 == tl 100, completions stalled, polls=60000000
midway2-0062.rcc.local:UCM:82b2:5cda1700: -1121529174 us(19460696 us!!!):  ucm_get_smsg: FULLq hd 100 == tl 100, completions stalled, polls=61000000
midway2-0062.rcc.local:UCM:82b2:5cda1700: -1102044496 us(19484678 us!!!):  ucm_get_smsg: FULLq hd 100 == tl 100, completions stalled, polls=62000000
midway2-0062.rcc.local:UCM:82b2:5cda1700: -1084501875 us(17542621 us!!!):  ucm_get_smsg: FULLq hd 100 == tl 100, completions stalled, polls=63000000
midway2-0062.rcc.local:UCM:82b2:5cda1700: -1059177233 us(25324642 us!!!):  ucm_get_smsg: FULLq hd 100 == tl 100, completions stalled, polls=64000000
midway2-0062.rcc.local:UCM:82b2:5cda1700: -1041684506 us(17492727 us!!!):  ucm_get_smsg: FULLq hd 100 == tl 100, completions stalled, polls=65000000
midway2-0062.rcc.local:UCM:82b2:5cda1700: -1020265811 us(21418695 us!!!):  ucm_get_smsg: FULLq hd 100 == tl 100, completions stalled, polls=66000000
midway2-0062.rcc.local:UCM:82b2:5cda1700: -999106832 us(21158979 us!!!):  ucm_get_smsg: FULLq hd 100 == tl 100, completions stalled, polls=67000000
midway2-0062.rcc.local:UCM:82b2:5cda1700: -981574150 us(17532682 us!!!):  ucm_get_smsg: FULLq hd 100 == tl 100, completions stalled, polls=68000000
midway2-0062.rcc.local:UCM:82b2:5cda1700: -960149460 us(21424690 us!!!):  ucm_get_smsg: FULLq hd 100 == tl 100, completions stalled, polls=69000000
midway2-0062.rcc.local:UCM:82b2:5cda1700: -938700817 us(21448643 us!!!):  ucm_get_smsg: FULLq hd 100 == tl 100, completions stalled, polls=70000000
midway2-0062.rcc.local:UCM:82b2:5cda1700: -919180083 us(19520734 us!!!):  ucm_get_smsg: FULLq hd 100 == tl 100, completions stalled, polls=71000000
midway2-0062.rcc.local:UCM:82b2:5cda1700: -900638408 us(18541675 us!!!):  ucm_get_smsg: FULLq hd 100 == tl 100, completions stalled, polls=72000000
midway2-0062.rcc.local:UCM:82b2:5cda1700: -879175742 us(21462666 us!!!):  ucm_get_smsg: FULLq hd 100 == tl 100, completions stalled, polls=73000000
midway2-0062.rcc.local:UCM:82b2:5cda1700: -857757057 us(21418685 us!!!):  ucm_get_smsg: FULLq hd 100 == tl 100, completions stalled, polls=74000000
midway2-0062.rcc.local:UCM:82b2:5cda1700: -842182390 us(15574667 us!!!):  ucm_get_smsg: FULLq hd 100 == tl 100, completions stalled, polls=75000000
midway2-0062.rcc.local:UCM:82b2:5cda1700: -820747701 us(21434689 us!!!):  ucm_get_smsg: FULLq hd 100 == tl 100, completions stalled, polls=76000000
midway2-0062.rcc.local:UCM:82b2:5cda1700: -797347004 us(23400697 us!!!):  ucm_get_smsg: FULLq hd 100 == tl 100, completions stalled, polls=77000000
midway2-0062.rcc.local:UCM:82b2:5cda1700: -779818346 us(17528658 us!!!):  ucm_get_smsg: FULLq hd 100 == tl 100, completions stalled, polls=78000000
midway2-0062.rcc.local:UCM:82b2:5cda1700: -758415634 us(21402712 us!!!):  ucm_get_smsg: FULLq hd 100 == tl 100, completions stalled, polls=79000000
midway2-0062.rcc.local:UCM:82b2:5cda1700: -740833077 us(17582557 us!!!):  ucm_get_smsg: FULLq hd 100 == tl 100, completions stalled, polls=80000000
midway2-0062.rcc.local:UCM:82b2:5cda1700: -717426351 us(23406726 us!!!):  ucm_get_smsg: FULLq hd 100 == tl 100, completions stalled, polls=81000000
midway2-0062.rcc.local:UCM:82b2:5cda1700: -697975664 us(19450687 us!!!):  ucm_get_smsg: FULLq hd 100 == tl 100, completions stalled, polls=82000000
midway2-0062.rcc.local:UCM:82b2:5cda1700: -678528998 us(19446666 us!!!):  ucm_get_smsg: FULLq hd 100 == tl 100, completions stalled, polls=83000000
midway2-0062.rcc.local:UCM:82b2:5cda1700: -660972357 us(17556641 us!!!):  ucm_get_smsg: FULLq hd 100 == tl 100, completions stalled, polls=84000000
midway2-0062.rcc.local:UCM:82b2:5cda1700: -639523724 us(21448633 us!!!):  ucm_get_smsg: FULLq hd 100 == tl 100, completions stalled, polls=85000000
midway2-0062.rcc.local:UCM:82b2:5cda1700: -616130030 us(23393694 us!!!):  ucm_get_smsg: FULLq hd 100 == tl 100, completions stalled, polls=86000000
midway2-0062.rcc.local:UCM:82b2:5cda1700: -596640310 us(19489720 us!!!):  ucm_get_smsg: FULLq hd 100 == tl 100, completions stalled, polls=87000000
midway2-0062.rcc.local:UCM:82b2:5cda1700: -579117634 us(17522676 us!!!):  ucm_get_smsg: FULLq hd 100 == tl 100, completions stalled, polls=88000000
midway2-0062.rcc.local:UCM:82b2:5cda1700: -558623963 us(20493671 us!!!):  ucm_get_smsg: FULLq hd 100 == tl 100, completions stalled, polls=89000000
midway2-0062.rcc.local:UCM:82b2:5cda1700: -537165244 us(21458719 us!!!):  ucm_get_smsg: FULLq hd 100 == tl 100, completions stalled, polls=90000000
midway2-0062.rcc.local:UCM:82b2:5cda1700: -515706592 us(21458652 us!!!):  ucm_get_smsg: FULLq hd 100 == tl 100, completions stalled, polls=91000000
midway2-0062.rcc.local:UCM:82b2:5cda1700: -496249950 us(19456642 us!!!):  ucm_get_smsg: FULLq hd 100 == tl 100, completions stalled, polls=92000000
midway2-0062.rcc.local:UCM:82b2:5cda1700: -478713274 us(17536676 us!!!):  ucm_get_smsg: FULLq hd 100 == tl 100, completions stalled, polls=93000000
midway2-0062.rcc.local:UCM:82b2:5cda1700: -455277594 us(23435680 us!!!):  ucm_get_smsg: FULLq hd 100 == tl 100, completions stalled, polls=94000000
midway2-0062.rcc.local:UCM:82b2:5cda1700: -439701946 us(15575648 us!!!):  ucm_get_smsg: FULLq hd 100 == tl 100, completions stalled, polls=95000000
midway2-0062.rcc.local:UCM:82b2:5cda1700: -418293299 us(21408647 us!!!):  ucm_get_smsg: FULLq hd 100 == tl 100, completions stalled, polls=96000000
midway2-0062.rcc.local:UCM:82b2:5cda1700: -396817635 us(21475664 us!!!):  ucm_get_smsg: FULLq hd 100 == tl 100, completions stalled, polls=97000000
midway2-0062.rcc.local:UCM:82b2:5cda1700: -375418972 us(21398663 us!!!):  ucm_get_smsg: FULLq hd 100 == tl 100, completions stalled, polls=98000000
midway2-0062.rcc.local:UCM:82b2:5cda1700: -357862291 us(17556681 us!!!):  ucm_get_smsg: FULLq hd 100 == tl 100, completions stalled, polls=99000000
midway2-0062.rcc.local:UCM:82b2:5cda1700: -338411609 us(19450682 us!!!):  ucm_get_smsg: FULLq hd 100 == tl 100, completions stalled, polls=100000000
midway2-0062.rcc.local:UCM:82b2:5cda1700: -313070946 us(25340663 us!!!):  ucm_get_smsg: FULLq hd 100 == tl 100, completions stalled, polls=101000000
midway2-0062.rcc.local:UCM:82b2:5cda1700: -293600228 us(19470718 us!!!):  ucm_get_smsg: FULLq hd 100 == tl 100, completions stalled, polls=102000000
midway2-0062.rcc.local:UCM:82b2:5cda1700: -274145545 us(19454683 us!!!):  ucm_get_smsg: FULLq hd 100 == tl 100, completions stalled, polls=103000000
midway2-0062.rcc.local:UCM:82b2:5cda1700: -252670841 us(21474704 us!!!):  ucm_get_smsg: FULLq hd 100 == tl 100, completions stalled, polls=104000000
midway2-0062.rcc.local:UCM:82b2:5cda1700: -237042196 us(15628645 us!!!):  ucm_get_smsg: FULLq hd 100 == tl 100, completions stalled, polls=105000000
midway2-0062.rcc.local:UCM:82b2:5cda1700: -215587569 us(21454627 us!!!):  ucm_get_smsg: FULLq hd 100 == tl 100, completions stalled, polls=106000000
midway2-0062.rcc.local:UCM:82b2:5cda1700: -192266875 us(23320694 us!!!):  ucm_get_smsg: FULLq hd 100 == tl 100, completions stalled, polls=107000000
midway2-0062.rcc.local:UCM:82b2:5cda1700: -172776193 us(19490682 us!!!):  ucm_get_smsg: FULLq hd 100 == tl 100, completions stalled, polls=108000000
midway2-0062.rcc.local:UCM:82b2:5cda1700: -153305495 us(19470698 us!!!):  ucm_get_smsg: FULLq hd 100 == tl 100, completions stalled, polls=109000000
midway2-0062.rcc.local:UCM:82b2:5cda1700: -133794789 us(19510706 us!!!):  ucm_get_smsg: FULLq hd 100 == tl 100, completions stalled, polls=110000000
midway2-0062.rcc.local:UCM:82b2:5cda1700: -112386099 us(21408690 us!!!):  ucm_get_smsg: FULLq hd 100 == tl 100, completions stalled, polls=111000000
midway2-0062.rcc.local:UCM:82b2:5cda1700: -94847469 us(17538630 us!!!):  ucm_get_smsg: FULLq hd 100 == tl 100, completions stalled, polls=112000000
midway2-0062.rcc.local:UCM:82b2:5cda1700: -67514957 us(27332512 us!!!):  ucm_get_smsg: FULLq hd 100 == tl 100, completions stalled, polls=113000000
midway2-0062.rcc.local:UCM:82b2:5cda1700: -46100281 us(21414676 us!!!):  ucm_get_smsg: FULLq hd 100 == tl 100, completions stalled, polls=114000000
midway2-0062.rcc.local:UCM:82b2:5cda1700: -26625595 us(19474686 us!!!):  ucm_get_smsg: FULLq hd 100 == tl 100, completions stalled, polls=115000000
midway2-0062.rcc.local:UCM:82b2:5cda1700: -5206916 us(21418679 us!!!):  ucm_get_smsg: FULLq hd 100 == tl 100, completions stalled, polls=116000000
midway2-0062.rcc.local:UCM:82b2:5cda1700: 12331759 us(17538675 us!!!):  ucm_get_smsg: FULLq hd 100 == tl 100, completions stalled, polls=117000000
midway2-0062.rcc.local:UCM:82b2:5cda1700: 31806400 us(19474641 us!!!):  ucm_get_smsg: FULLq hd 100 == tl 100, completions stalled, polls=118000000
midway2-0062.rcc.local:UCM:82b2:5cda1700: 55173070 us(23366670 us!!!):  ucm_get_smsg: FULLq hd 100 == tl 100, completions stalled, polls=119000000
midway2-0062.rcc.local:UCM:82b2:5cda1700: 72695792 us(17522722 us!!!):  ucm_get_smsg: FULLq hd 100 == tl 100, completions stalled, polls=120000000
midway2-0062.rcc.local:UCM:82b2:5cda1700: 94120443 us(21424651 us!!!):  ucm_get_smsg: FULLq hd 100 == tl 100, completions stalled, polls=121000000
midway2-0062.rcc.local:UCM:82b2:5cda1700: 114614121 us(20493678 us!!!):  ucm_get_smsg: FULLq hd 100 == tl 100, completions stalled, polls=122000000
midway2-0062.rcc.local:UCM:82b2:5cda1700: 134090798 us(19476677 us!!!):  ucm_get_smsg: FULLq hd 100 == tl 100, completions stalled, polls=123000000
midway2-0062.rcc.local:UCM:82b2:5cda1700: 153551441 us(19460643 us!!!):  ucm_get_smsg: FULLq hd 100 == tl 100, completions stalled, polls=124000000
midway2-0062.rcc.local:UCM:82b2:5cda1700: 175004136 us(21452695 us!!!):  ucm_get_smsg: FULLq hd 100 == tl 100, completions stalled, polls=125000000
midway2-0062.rcc.local:UCM:82b2:5cda1700: 192536824 us(17532688 us!!!):  ucm_get_smsg: FULLq hd 100 == tl 100, completions stalled, polls=126000000
midway2-0062.rcc.local:UCM:82b2:5cda1700: 213983465 us(21446641 us!!!):  ucm_get_smsg: FULLq hd 100 == tl 100, completions stalled, polls=127000000
midway2-0062.rcc.local:UCM:82b2:5cda1700: 233442136 us(19458671 us!!!):  ucm_get_smsg: FULLq hd 100 == tl 100, completions stalled, polls=128000000
midway2-0062.rcc.local:UCM:82b2:5cda1700: 256852801 us(23410665 us!!!):  ucm_get_smsg: FULLq hd 100 == tl 100, completions stalled, polls=129000000
midway2-0062.rcc.local:UCM:82b2:5cda1700: 274391457 us(17538656 us!!!):  ucm_get_smsg: FULLq hd 100 == tl 100, completions stalled, polls=130000000
midway2-0062.rcc.local:UCM:82b2:5cda1700: 293856055 us(19464598 us!!!):  ucm_get_smsg: FULLq hd 100 == tl 100, completions stalled, polls=131000000
midway2-0062.rcc.local:UCM:82b2:5cda1700: 315324742 us(21468687 us!!!):  ucm_get_smsg: FULLq hd 100 == tl 100, completions stalled, polls=132000000
midway2-0062.rcc.local:UCM:82b2:5cda1700: 336779449 us(21454707 us!!!):  ucm_get_smsg: FULLq hd 100 == tl 100, completions stalled, polls=133000000
midway2-0062.rcc.local:UCM:82b2:5cda1700: 354282114 us(17502665 us!!!):  ucm_get_smsg: FULLq hd 100 == tl 100, completions stalled, polls=134000000
midway2-0062.rcc.local:UCM:82b2:5cda1700: 377682782 us(23400668 us!!!):  ucm_get_smsg: FULLq hd 100 == tl 100, completions stalled, polls=135000000
midway2-0062.rcc.local:UCM:82b2:5cda1700: 395231429 us(17548647 us!!!):  ucm_get_smsg: FULLq hd 100 == tl 100, completions stalled, polls=136000000
midway2-0062.rcc.local:UCM:82b2:5cda1700: 418599065 us(23367636 us!!!):  ucm_get_smsg: FULLq hd 100 == tl 100, completions stalled, polls=137000000
midway2-0062.rcc.local:UCM:82b2:5cda1700: 438089743 us(19490678 us!!!):  ucm_get_smsg: FULLq hd 100 == tl 100, completions stalled, polls=138000000
midway2-0062.rcc.local:UCM:82b2:5cda1700: 457570403 us(19480660 us!!!):  ucm_get_smsg: FULLq hd 100 == tl 100, completions stalled, polls=139000000
midway2-0062.rcc.local:UCM:82b2:5cda1700: 478999026 us(21428623 us!!!):  ucm_get_smsg: FULLq hd 100 == tl 100, completions stalled, polls=140000000
midway2-0062.rcc.local:UCM:82b2:5cda1700: 494597640 us(15598614 us!!!):  ucm_get_smsg: FULLq hd 100 == tl 100, completions stalled, polls=141000000
midway2-0062.rcc.local:UCM:82b2:5cda1700: 516036376 us(21438736 us!!!):  ucm_get_smsg: FULLq hd 100 == tl 100, completions stalled, polls=142000000
midway2-0062.rcc.local:UCM:82b2:5cda1700: 537441075 us(21404699 us!!!):  ucm_get_smsg: FULLq hd 100 == tl 100, completions stalled, polls=143000000
midway2-0062.rcc.local:UCM:82b2:5cda1700: 558909756 us(21468681 us!!!):  ucm_get_smsg: FULLq hd 100 == tl 100, completions stalled, polls=144000000
midway2-0062.rcc.local:UCM:82b2:5cda1700: 576472420 us(17562664 us!!!):  ucm_get_smsg: FULLq hd 100 == tl 100, completions stalled, polls=145000000
midway2-0062.rcc.local:UCM:82b2:5cda1700: 599849094 us(23376674 us!!!):  ucm_get_smsg: FULLq hd 100 == tl 100, completions stalled, polls=146000000
midway2-0062.rcc.local:UCM:82b2:5cda1700: 619329829 us(19480735 us!!!):  ucm_get_smsg: FULLq hd 100 == tl 100, completions stalled, polls=147000000
midway2-0062.rcc.local:UCM:82b2:5cda1700: 636876429 us(17546600 us!!!):  ucm_get_smsg: FULLq hd 100 == tl 100, completions stalled, polls=148000000
midway2-0062.rcc.local:UCM:82b2:5cda1700: 656427115 us(19550686 us!!!):  ucm_get_smsg: FULLq hd 100 == tl 100, completions stalled, polls=149000000
midway2-0062.rcc.local:UCM:82b2:5cda1700: 677815834 us(21388719 us!!!):  ucm_get_smsg: FULLq hd 100 == tl 100, completions stalled, polls=150000000
midway2-0062.rcc.local:UCM:82b2:5cda1700: 697296513 us(19480679 us!!!):  ucm_get_smsg: FULLq hd 100 == tl 100, completions stalled, polls=151000000
midway2-0062.rcc.local:UCM:82b2:5cda1700: 718725197 us(21428684 us!!!):  ucm_get_smsg: FULLq hd 100 == tl 100, completions stalled, polls=152000000
midway2-0062.rcc.local:UCM:82b2:5cda1700: 736267866 us(17542669 us!!!):  ucm_get_smsg: FULLq hd 100 == tl 100, completions stalled, polls=153000000
midway2-0062.rcc.local:UCM:82b2:5cda1700: 757692464 us(21424598 us!!!):  ucm_get_smsg: FULLq hd 100 == tl 100, completions stalled, polls=154000000
midway2-0062.rcc.local:UCM:82b2:5cda1700: 781103139 us(23410675 us!!!):  ucm_get_smsg: FULLq hd 100 == tl 100, completions stalled, polls=155000000
midway2-0062.rcc.local:UCM:82b2:5cda1700: 800593828 us(19490689 us!!!):  ucm_get_smsg: FULLq hd 100 == tl 100, completions stalled, polls=156000000
midway2-0062.rcc.local:UCM:82b2:5cda1700: 820090491 us(19496663 us!!!):  ucm_get_smsg: FULLq hd 100 == tl 100, completions stalled, polls=157000000
midway2-0062.rcc.local:UCM:82b2:5cda1700: 839555164 us(19464673 us!!!):  ucm_get_smsg: FULLq hd 100 == tl 100, completions stalled, polls=158000000
midway2-0062.rcc.local:UCM:82b2:5cda1700: 866870533 us(27315369 us!!!):  ucm_get_smsg: FULLq hd 100 == tl 100, completions stalled, polls=159000000
midway2-0062.rcc.local:UCM:82b2:5cda1700: 886371173 us(19500640 us!!!):  ucm_get_smsg: FULLq hd 100 == tl 100, completions stalled, polls=160000000
midway2-0062.rcc.local:UCM:82b2:5cda1700: 908788806 us(22417633 us!!!):  ucm_get_smsg: FULLq hd 100 == tl 100, completions stalled, polls=161000000
midway2-0062.rcc.local:UCM:82b2:5cda1700: 928283503 us(19494697 us!!!):  ucm_get_smsg: FULLq hd 100 == tl 100, completions stalled, polls=162000000
midway2-0062.rcc.local:UCM:82b2:5cda1700: 943868167 us(15584664 us!!!):  ucm_get_smsg: FULLq hd 100 == tl 100, completions stalled, polls=163000000
midway2-0062.rcc.local:UCM:82b2:5cda1700: 967236872 us(23368705 us!!!):  ucm_get_smsg: FULLq hd 100 == tl 100, completions stalled, polls=164000000
midway2-0062.rcc.local:UCM:82b2:5cda1700: 987680537 us(20443665 us!!!):  ucm_get_smsg: FULLq hd 100 == tl 100, completions stalled, polls=165000000
midway2-0062.rcc.local:UCM:82b2:5cda1700: 1007161220 us(19480683 us!!!):  ucm_get_smsg: FULLq hd 100 == tl 100, completions stalled, polls=166000000
midway2-0062.rcc.local:UCM:82b2:5cda1700: 1024697907 us(17536687 us!!!):  ucm_get_smsg: FULLq hd 100 == tl 100, completions stalled, polls=167000000
midway2-0062.rcc.local:UCM:82b2:5cda1700: 1048084614 us(23386707 us!!!):  ucm_get_smsg: FULLq hd 100 == tl 100, completions stalled, polls=168000000
midway2-0062.rcc.local:UCM:82b2:5cda1700: 1069503274 us(21418660 us!!!):  ucm_get_smsg: FULLq hd 100 == tl 100, completions stalled, polls=169000000
midway2-0062.rcc.local:UCM:82b2:5cda1700: 1088044958 us(18541684 us!!!):  ucm_get_smsg: FULLq hd 100 == tl 100, completions stalled, polls=170000000
midway2-0062.rcc.local:UCM:82b2:5cda1700: 1107561606 us(19516648 us!!!):  ucm_get_smsg: FULLq hd 100 == tl 100, completions stalled, polls=171000000
midway2-0062.rcc.local:UCM:82b2:5cda1700: 1125068260 us(17506654 us!!!):  ucm_get_smsg: FULLq hd 100 == tl 100, completions stalled, polls=172000000
midway2-0062.rcc.local:UCM:82b2:5cda1700: 1150428927 us(25360667 us!!!):  ucm_get_smsg: FULLq hd 100 == tl 100, completions stalled, polls=173000000
midway2-0062.rcc.local:UCM:82b2:5cda1700: 1169889647 us(19460720 us!!!):  ucm_get_smsg: FULLq hd 100 == tl 100, completions stalled, polls=174000000
midway2-0062.rcc.local:UCM:82b2:5cda1700: 1189370359 us(19480712 us!!!):  ucm_get_smsg: FULLq hd 100 == tl 100, completions stalled, polls=175000000
midway2-0062.rcc.local:UCM:82b2:5cda1700: 1208871055 us(19500696 us!!!):  ucm_get_smsg: FULLq hd 100 == tl 100, completions stalled, polls=176000000
midway2-0062.rcc.local:UCM:82b2:5cda1700: 1226277840 us(17406785 us!!!):  ucm_get_smsg: FULLq hd 100 == tl 100, completions stalled, polls=177000000
midway2-0062.rcc.local:UCM:82b2:5cda1700: 1249610506 us(23332666 us!!!):  ucm_get_smsg: FULLq hd 100 == tl 100, completions stalled, polls=178000000
midway2-0062.rcc.local:UCM:82b2:5cda1700: 1269091200 us(19480694 us!!!):  ucm_get_smsg: FULLq hd 100 == tl 100, completions stalled, polls=179000000
midway2-0062.rcc.local:UCM:82b2:5cda1700: 1289514846 us(20423646 us!!!):  ucm_get_smsg: FULLq hd 100 == tl 100, completions stalled, polls=180000000
midway2-0062.rcc.local:UCM:82b2:5cda1700: 1310933521 us(21418675 us!!!):  ucm_get_smsg: FULLq hd 100 == tl 100, completions stalled, polls=181000000
midway2-0062.rcc.local:UCM:82b2:5cda1700: 1330474200 us(19540679 us!!!):  ucm_get_smsg: FULLq hd 100 == tl 100, completions stalled, polls=182000000
midway2-0062.rcc.local:UCM:82b2:5cda1700: 1351932870 us(21458670 us!!!):  ucm_get_smsg: FULLq hd 100 == tl 100, completions stalled, polls=183000000
midway2-0062.rcc.local:UCM:82b2:5cda1700: 1371439568 us(19506698 us!!!):  ucm_get_smsg: FULLq hd 100 == tl 100, completions stalled, polls=184000000
midway2-0062.rcc.local:UCM:82b2:5cda1700: 1388916309 us(17476741 us!!!):  ucm_get_smsg: FULLq hd 100 == tl 100, completions stalled, polls=185000000
midway2-0062.rcc.local:UCM:82b2:5cda1700: 1408446943 us(19530634 us!!!):  ucm_get_smsg: FULLq hd 100 == tl 100, completions stalled, polls=186000000
midway2-0062.rcc.local:UCM:82b2:5cda1700: 1427927616 us(19480673 us!!!):  ucm_get_smsg: FULLq hd 100 == tl 100, completions stalled, polls=187000000
midway2-0062.rcc.local:UCM:82b2:5cda1700: 1451114550 us(23186934 us!!!):  ucm_get_smsg: FULLq hd 100 == tl 100, completions stalled, polls=188000000
midway2-0062.rcc.local:UCM:82b2:5cda1700: 1472533254 us(21418704 us!!!):  ucm_get_smsg: FULLq hd 100 == tl 100, completions stalled, polls=189000000
midway2-0062.rcc.local:UCM:82b2:5cda1700: 1492033894 us(19500640 us!!!):  ucm_get_smsg: FULLq hd 100 == tl 100, completions stalled, polls=190000000
midway2-0062.rcc.local:UCM:82b2:5cda1700: 1509576535 us(17542641 us!!!):  ucm_get_smsg: FULLq hd 100 == tl 100, completions stalled, polls=191000000
midway2-0062.rcc.local:UCM:82b2:5cda1700: 1534897911 us(25321376 us!!!):  ucm_get_smsg: FULLq hd 100 == tl 100, completions stalled, polls=192000000
midway2-0062.rcc.local:UCM:82b2:5cda1700: 1556372633 us(21474722 us!!!):  ucm_get_smsg: FULLq hd 100 == tl 100, completions stalled, polls=193000000
midway2-0062.rcc.local:UCM:82b2:5cda1700: 1577815343 us(21442710 us!!!):  ucm_get_smsg: FULLq hd 100 == tl 100, completions stalled, polls=194000000
midway2-0062.rcc.local:UCM:82b2:5cda1700: 1597302007 us(19486664 us!!!):  ucm_get_smsg: FULLq hd 100 == tl 100, completions stalled, polls=195000000
midway2-0062.rcc.local:UCM:82b2:5cda1700: 1618570936 us(21268929 us!!!):  ucm_get_smsg: FULLq hd 100 == tl 100, completions stalled, polls=196000000
midway2-0062.rcc.local:UCM:82b2:5cda1700: 1636087616 us(17516680 us!!!):  ucm_get_smsg: FULLq hd 100 == tl 100, completions stalled, polls=197000000
midway2-0062.rcc.local:UCM:82b2:5cda1700: 1659451331 us(23363715 us!!!):  ucm_get_smsg: FULLq hd 100 == tl 100, completions stalled, polls=198000000
midway2-0062.rcc.local:UCM:82b2:5cda1700: 1680903014 us(21451683 us!!!):  ucm_get_smsg: FULLq hd 100 == tl 100, completions stalled, polls=199000000
midway2-0062.rcc.local:UCM:82b2:5cda1700: 1698465724 us(17562710 us!!!):  ucm_get_smsg: FULLq hd 100 == tl 100, completions stalled, polls=200000000
midway2-0062.rcc.local:UCM:82b2:5cda1700: 1717931387 us(19465663 us!!!):  ucm_get_smsg: FULLq hd 100 == tl 100, completions stalled, polls=201000000
midway2-0062.rcc.local:UCM:82b2:5cda1700: 1737427112 us(19495725 us!!!):  ucm_get_smsg: FULLq hd 100 == tl 100, completions stalled, polls=202000000
midway2-0062.rcc.local:UCM:82b2:5cda1700: 1760853823 us(23426711 us!!!):  ucm_get_smsg: FULLq hd 100 == tl 100, completions stalled, polls=203000000
midway2-0062.rcc.local:UCM:82b2:5cda1700: 1776428444 us(15574621 us!!!):  ucm_get_smsg: FULLq hd 100 == tl 100, completions stalled, polls=204000000
midway2-0062.rcc.local:UCM:82b2:5cda1700: 1801729122 us(25300678 us!!!):  ucm_get_smsg: FULLq hd 100 == tl 100, completions stalled, polls=205000000
midway2-0062.rcc.local:UCM:82b2:5cda1700: 1821179835 us(19450713 us!!!):  ucm_get_smsg: FULLq hd 100 == tl 100, completions stalled, polls=206000000
midway2-0062.rcc.local:UCM:82b2:5cda1700: 1839705501 us(18525666 us!!!):  ucm_get_smsg: FULLq hd 100 == tl 100, completions stalled, polls=207000000
midway2-0062.rcc.local:UCM:82b2:5cda1700: 1861150154 us(21444653 us!!!):  ucm_get_smsg: FULLq hd 100 == tl 100, completions stalled, polls=208000000
midway2-0062.rcc.local:UCM:82b2:5cda1700: 1880660828 us(19510674 us!!!):  ucm_get_smsg: FULLq hd 100 == tl 100, completions stalled, polls=209000000
midway2-0062.rcc.local:UCM:82b2:5cda1700: 1902053521 us(21392693 us!!!):  ucm_get_smsg: FULLq hd 100 == tl 100, completions stalled, polls=210000000
midway2-0062.rcc.local:UCM:82b2:5cda1700: 1921524229 us(19470708 us!!!):  ucm_get_smsg: FULLq hd 100 == tl 100, completions stalled, polls=211000000
midway2-0062.rcc.local:UCM:82b2:5cda1700: 1939046882 us(17522653 us!!!):  ucm_get_smsg: FULLq hd 100 == tl 100, completions stalled, polls=212000000
midway2-0062.rcc.local:UCM:82b2:5cda1700: 1962453561 us(23406679 us!!!):  ucm_get_smsg: FULLq hd 100 == tl 100, completions stalled, polls=213000000
midway2-0062.rcc.local:UCM:82b2:5cda1700: 1981910252 us(19456691 us!!!):  ucm_get_smsg: FULLq hd 100 == tl 100, completions stalled, polls=214000000
midway2-0062.rcc.local:UCM:82b2:5cda1700: 2003362928 us(21452676 us!!!):  ucm_get_smsg: FULLq hd 100 == tl 100, completions stalled, polls=215000000
midway2-0062.rcc.local:UCM:82b2:5cda1700: 2020881568 us(17518640 us!!!):  ucm_get_smsg: FULLq hd 100 == tl 100, completions stalled, polls=216000000
midway2-0062.rcc.local:UCM:82b2:5cda1700: 2040376243 us(19494675 us!!!):  ucm_get_smsg: FULLq hd 100 == tl 100, completions stalled, polls=217000000
midway2-0062.rcc.local:UCM:82b2:5cda1700: 2061794964 us(21418721 us!!!):  ucm_get_smsg: FULLq hd 100 == tl 100, completions stalled, polls=218000000
midway2-0062.rcc.local:UCM:82b2:5cda1700: 2079357602 us(17562638 us!!!):  ucm_get_smsg: FULLq hd 100 == tl 100, completions stalled, polls=219000000
midway2-0062.rcc.local:UCM:82b2:5cda1700: 2102724293 us(23366691 us!!!):  ucm_get_smsg: FULLq hd 100 == tl 100, completions stalled, polls=220000000
midway2-0062.rcc.local:UCM:82b2:5cda1700: 2124172953 us(21448660 us!!!):  ucm_get_smsg: FULLq hd 100 == tl 100, completions stalled, polls=221000000
midway2-0062.rcc.local:UCM:82b2:5cda1700: 2141705537 us(17532584 us!!!):  ucm_get_smsg: FULLq hd 100 == tl 100, completions stalled, polls=222000000
midway2-0062.rcc.local:UCM:82b2:5cda1700: -2133801074 us(19460685 us!!!):  ucm_get_smsg: FULLq hd 100 == tl 100, completions stalled, polls=223000000
midway2-0062.rcc.local:UCM:82b2:5cda1700: -2110404418 us(23396656 us!!!):  ucm_get_smsg: FULLq hd 100 == tl 100, completions stalled, polls=224000000
midway2-0062.rcc.local:UCM:82b2:5cda1700: -2090913728 us(19490690 us!!!):  ucm_get_smsg: FULLq hd 100 == tl 100, completions stalled, polls=225000000
midway2-0062.rcc.local:UCM:82b2:5cda1700: -2073401044 us(17512684 us!!!):  ucm_get_smsg: FULLq hd 100 == tl 100, completions stalled, polls=226000000
midway2-0062.rcc.local:UCM:82b2:5cda1700: -2051932313 us(21468731 us!!!):  ucm_get_smsg: FULLq hd 100 == tl 100, completions stalled, polls=227000000
midway2-0062.rcc.local:UCM:82b2:5cda1700: -2034429670 us(17502643 us!!!):  ucm_get_smsg: FULLq hd 100 == tl 100, completions stalled, polls=228000000
midway2-0062.rcc.local:UCM:82b2:5cda1700: -2011016950 us(23412720 us!!!):  ucm_get_smsg: FULLq hd 100 == tl 100, completions stalled, polls=229000000
midway2-0062.rcc.local:UCM:82b2:5cda1700: -1990213597 us(20803353 us!!!):  ucm_get_smsg: FULLq hd 100 == tl 100, completions stalled, polls=230000000
midway2-0062.rcc.local:UCM:82b2:5cda1700: -1964851205 us(25362392 us!!!):  ucm_get_smsg: FULLq hd 100 == tl 100, completions stalled, polls=231000000
midway2-0062.rcc.local:UCM:82b2:5cda1700: -1946330498 us(18520707 us!!!):  ucm_get_smsg: FULLq hd 100 == tl 100, completions stalled, polls=232000000
midway2-0062.rcc.local:UCM:82b2:5cda1700: -1926879866 us(19450632 us!!!):  ucm_get_smsg: FULLq hd 100 == tl 100, completions stalled, polls=233000000
midway2-0062.rcc.local:UCM:82b2:5cda1700: -1903493143 us(23386723 us!!!):  ucm_get_smsg: FULLq hd 100 == tl 100, completions stalled, polls=234000000
midway2-0062.rcc.local:UCM:82b2:5cda1700: -1881982448 us(21510695 us!!!):  ucm_get_smsg: FULLq hd 100 == tl 100, completions stalled, polls=235000000
midway2-0062.rcc.local:UCM:82b2:5cda1700: -1862523799 us(19458649 us!!!):  ucm_get_smsg: FULLq hd 100 == tl 100, completions stalled, polls=236000000
midway2-0062.rcc.local:UCM:82b2:5cda1700: -1846919171 us(15604628 us!!!):  ucm_get_smsg: FULLq hd 100 == tl 100, completions stalled, polls=237000000
midway2-0062.rcc.local:UCM:82b2:5cda1700: -1821598482 us(25320689 us!!!):  ucm_get_smsg: FULLq hd 100 == tl 100, completions stalled, polls=238000000
midway2-0062.rcc.local:UCM:82b2:5cda1700: -1802137836 us(19460646 us!!!):  ucm_get_smsg: FULLq hd 100 == tl 100, completions stalled, polls=239000000
midway2-0062.rcc.local:UCM:82b2:5cda1700: -1782643172 us(19494664 us!!!):  ucm_get_smsg: FULLq hd 100 == tl 100, completions stalled, polls=240000000
midway2-0062.rcc.local:UCM:82b2:5cda1700: -1761368406 us(21274766 us!!!):  ucm_get_smsg: FULLq hd 100 == tl 100, completions stalled, polls=241000000
midway2-0062.rcc.local:UCM:82b2:5cda1700: -1745759733 us(15608673 us!!!):  ucm_get_smsg: FULLq hd 100 == tl 100, completions stalled, polls=242000000
midway2-0062.rcc.local:UCM:82b2:5cda1700: -1723372022 us(22387711 us!!!):  ucm_get_smsg: FULLq hd 100 == tl 100, completions stalled, polls=243000000
midway2-0062.rcc.local:UCM:82b2:5cda1700: -1703905351 us(19466671 us!!!):  ucm_get_smsg: FULLq hd 100 == tl 100, completions stalled, polls=244000000
midway2-0062.rcc.local:UCM:82b2:5cda1700: -1682406716 us(21498635 us!!!):  ucm_get_smsg: FULLq hd 100 == tl 100, completions stalled, polls=245000000
midway2-0062.rcc.local:UCM:82b2:5cda1700: -1660974043 us(21432673 us!!!):  ucm_get_smsg: FULLq hd 100 == tl 100, completions stalled, polls=246000000
midway2-0062.rcc.local:UCM:82b2:5cda1700: -1645379426 us(15594617 us!!!):  ucm_get_smsg: FULLq hd 100 == tl 100, completions stalled, polls=247000000
midway2-0062.rcc.local:UCM:82b2:5cda1700: -1623924711 us(21454715 us!!!):  ucm_get_smsg: FULLq hd 100 == tl 100, completions stalled, polls=248000000
midway2-0062.rcc.local:UCM:82b2:5cda1700: -1601776833 us(22147878 us!!!):  ucm_get_smsg: FULLq hd 100 == tl 100, completions stalled, polls=249000000
midway2-0062.rcc.local:UCM:82b2:5cda1700: -1584210218 us(17566615 us!!!):  ucm_get_smsg: FULLq hd 100 == tl 100, completions stalled, polls=250000000
midway2-0062.rcc.local:UCM:82b2:5cda1700: -1564689570 us(19520648 us!!!):  ucm_get_smsg: FULLq hd 100 == tl 100, completions stalled, polls=251000000
midway2-0062.rcc.local:UCM:82b2:5cda1700: -1541352873 us(23336697 us!!!):  ucm_get_smsg: FULLq hd 100 == tl 100, completions stalled, polls=252000000
midway2-0062.rcc.local:UCM:82b2:5cda1700: -1523820217 us(17532656 us!!!):  ucm_get_smsg: FULLq hd 100 == tl 100, completions stalled, polls=253000000
midway2-0062.rcc.local:UCM:82b2:5cda1700: -1504309539 us(19510678 us!!!):  ucm_get_smsg: FULLq hd 100 == tl 100, completions stalled, polls=254000000
midway2-0062.rcc.local:UCM:82b2:5cda1700: -1480926862 us(23382677 us!!!):  ucm_get_smsg: FULLq hd 100 == tl 100, completions stalled, polls=255000000
midway2-0062.rcc.local:UCM:82b2:5cda1700: -1460467189 us(20459673 us!!!):  ucm_get_smsg: FULLq hd 100 == tl 100, completions stalled, polls=256000000
midway2-0062.rcc.local:UCM:82b2:5cda1700: -1439024574 us(21442615 us!!!):  ucm_get_smsg: FULLq hd 100 == tl 100, completions stalled, polls=257000000
midway2-0062.rcc.local:UCM:82b2:5cda1700: -1419497833 us(19526741 us!!!):  ucm_get_smsg: FULLq hd 100 == tl 100, completions stalled, polls=258000000
midway2-0062.rcc.local:UCM:82b2:5cda1700: -1401991156 us(17506677 us!!!):  ucm_get_smsg: FULLq hd 100 == tl 100, completions stalled, polls=259000000
midway2-0062.rcc.local:UCM:82b2:5cda1700: -1382480482 us(19510674 us!!!):  ucm_get_smsg: FULLq hd 100 == tl 100, completions stalled, polls=260000000
midway2-0062.rcc.local:UCM:82b2:5cda1700: -1361061856 us(21418626 us!!!):  ucm_get_smsg: FULLq hd 100 == tl 100, completions stalled, polls=261000000
midway2-0062.rcc.local:UCM:82b2:5cda1700: -1342350191 us(18711665 us!!!):  ucm_get_smsg: FULLq hd 100 == tl 100, completions stalled, polls=262000000
midway2-0062.rcc.local:UCM:82b2:5cda1700: -1323029505 us(19320686 us!!!):  ucm_get_smsg: FULLq hd 100 == tl 100, completions stalled, polls=263000000
midway2-0062.rcc.local:UCM:82b2:5cda1700: -1299676811 us(23352694 us!!!):  ucm_get_smsg: FULLq hd 100 == tl 100, completions stalled, polls=264000000
midway2-0062.rcc.local:UCM:82b2:5cda1700: -1278204129 us(21472682 us!!!):  ucm_get_smsg: FULLq hd 100 == tl 100, completions stalled, polls=265000000
